2020-07-10 03:06:39 +0000  Initial pipeline context: <IDEDistributionProcessingPipelineContext: 0x7fc9f8c1a550; archive(resolved)='<IDEArchive: 0x7fca0e663700>', distributionTask(resolved)='2', distributionDestination(resolved)='1', distributionMethod(resolved)='<IDEDistributionMethodiOSAppStoreDistribution: 0x7fc9f51b27f0>', team(resolved)='<IDEProvisioningDisambiguatableBasicTeam: 0x7fca17d23f90; teamID='7V7M5G5786', teamName='Mianyang Bona Technology Co., Ltd.', teamType='Company', username='695239627@qq.com', isFreeProvisioningTeam='0'>'>
	Chain (12, self inclusive):
	<IDEDistributionProcessingPipelineContext: 0x7fc9f8c1a550; archive = '<IDEArchive: 0x7fca0e663700>', distributionMethod='<IDEDistributionMethodiOSAppStoreDistribution: 0x7fc9f51b27f0>', team='<IDEProvisioningDisambiguatableBasicTeam: 0x7fca17d23f90; teamID='7V7M5G5786', teamName='Mianyang Bona Technology Co., Ltd.', teamType='Company', username='695239627@qq.com', isFreeProvisioningTeam='0'>'>
	<IDEDistributionProcessingPipelineContext: 0x7fc9f8b3c050; archive = '<IDEArchive: 0x7fca0e663700>', distributionMethod='<IDEDistributionMethodiOSAppStoreDistribution: 0x7fc9f51b27f0>', team='<IDEProvisioningDisambiguatableBasicTeam: 0x7fca17d23f90; teamID='7V7M5G5786', teamName='Mianyang Bona Technology Co., Ltd.', teamType='Company', username='695239627@qq.com', isFreeProvisioningTeam='0'>'>
	<IDEDistributionContext: 0x7fca0e797490; archive = '<IDEArchive: 0x7fca0e663700>', distributionMethod='<IDEDistributionMethodiOSAppStoreDistribution: 0x7fc9f51b27f0>', team='<IDEProvisioningDisambiguatableBasicTeam: 0x7fca17d23f90; teamID='7V7M5G5786', teamName='Mianyang Bona Technology Co., Ltd.', teamType='Company', username='695239627@qq.com', isFreeProvisioningTeam='0'>'>
	<IDEDistributionContext: 0x7fca1c1e5ff0; archive = '<IDEArchive: 0x7fca0e663700>', distributionMethod='<IDEDistributionMethodiOSAppStoreDistribution: 0x7fc9f51b27f0>', team='<IDEProvisioningDisambiguatableBasicTeam: 0x7fca17d23f90; teamID='7V7M5G5786', teamName='Mianyang Bona Technology Co., Ltd.', teamType='Company', username='695239627@qq.com', isFreeProvisioningTeam='0'>'>
	<IDEDistributionContext: 0x7fca1bf218e0; archive = '<IDEArchive: 0x7fca0e663700>', distributionMethod='<IDEDistributionMethodiOSAppStoreDistribution: 0x7fc9f51b27f0>', team='<IDEProvisioningDisambiguatableBasicTeam: 0x7fca17d23f90; teamID='7V7M5G5786', teamName='Mianyang Bona Technology Co., Ltd.', teamType='Company', username='695239627@qq.com', isFreeProvisioningTeam='0'>'>
	<IDEDistributionContext: 0x7fca0e752e30; archive = '<IDEArchive: 0x7fca0e663700>', distributionMethod='<IDEDistributionMethodiOSAppStoreDistribution: 0x7fc9f51b27f0>', team='<IDEProvisioningDisambiguatableBasicTeam: 0x7fca17d23f90; teamID='7V7M5G5786', teamName='Mianyang Bona Technology Co., Ltd.', teamType='Company', username='695239627@qq.com', isFreeProvisioningTeam='0'>'>
	<IDEDistributionContext: 0x7fc9fa8f3d90; archive = '<IDEArchive: 0x7fca0e663700>', distributionMethod='<IDEDistributionMethodiOSAppStoreDistribution: 0x7fc9f51b27f0>', team='<IDEProvisioningDisambiguatableBasicTeam: 0x7fca17d23f90; teamID='7V7M5G5786', teamName='Mianyang Bona Technology Co., Ltd.', teamType='Company', username='695239627@qq.com', isFreeProvisioningTeam='0'>'>
	<IDEDistributionContext: 0x7fca0e7549b0; archive = '<IDEArchive: 0x7fca0e663700>', distributionMethod='<IDEDistributionMethodiOSAppStoreDistribution: 0x7fc9f51b27f0>', team='<IDEProvisioningDisambiguatableBasicTeam: 0x7fca17d23f90; teamID='7V7M5G5786', teamName='Mianyang Bona Technology Co., Ltd.', teamType='Company', username='695239627@qq.com', isFreeProvisioningTeam='0'>'>
	<IDEDistributionContext: 0x7fca0e79b930; archive = '<IDEArchive: 0x7fca0e663700>', distributionMethod='<IDEDistributionMethodiOSAppStoreDistribution: 0x7fc9f51b27f0>', team='<IDEProvisioningDisambiguatableBasicTeam: 0x7fca17d23f90; teamID='7V7M5G5786', teamName='Mianyang Bona Technology Co., Ltd.', teamType='Company', username='695239627@qq.com', isFreeProvisioningTeam='0'>'>
	<IDEDistributionContext: 0x7fca1e420d10; archive = '<IDEArchive: 0x7fca0e663700>', distributionMethod='<IDEDistributionMethodiOSAppStoreDistribution: 0x7fc9f51b27f0>', team='(null)'>
	<IDEDistributionContext: 0x7fca0a229dc0; archive = '<IDEArchive: 0x7fca0e663700>', distributionMethod='<IDEDistributionMethodiOSAppStoreDistribution: 0x7fc9f51b27f0>', team='(null)'>
	<IDEDistributionContext: 0x7fca03221480; archive = '<IDEArchive: 0x7fca0e663700>', distributionMethod='(null)', team='(null)'>
</IDEDistributionProcessingPipelineContext: 0x7fc9f8c1a550>
2020-07-10 03:06:39 +0000  Processing step: IDEDistributionCreateDestRootStep
2020-07-10 03:06:39 +0000  Processing step: IDEDistributionCopyItemStep
2020-07-10 03:06:39 +0000  Running /usr/bin/ditto '-V' '/Users/apple/Library/Developer/Xcode/Archives/2020-07-09/bourse 2020-7-9, 9.35 PM.xcarchive/Products/Applications/bourse.app' '/var/folders/39/59yr6m3959jgry20f7sn9whw0000gn/T/XcodeDistPipeline.~~~xjC5Bj/Root/Payload/bourse.app'
2020-07-10 03:06:39 +0000  >>> Copying /Users/apple/Library/Developer/Xcode/Archives/2020-07-09/bourse 2020-7-9, 9.35 PM.xcarchive/Products/Applications/bourse.app 
2020-07-10 03:06:39 +0000  
2020-07-10 03:06:39 +0000  copying file ./_CodeSignature/CodeResources ... 
2020-07-10 03:06:39 +0000  72451 bytes for ./_CodeSignature/CodeResources
2020-07-10 03:06:39 +0000  copying file ./Fontisto.ttf ... 
2020-07-10 03:06:39 +0000  313528 bytes for ./Fontisto.ttf
2020-07-10 03:06:39 +0000  copying file ./Octicons.ttf ... 
2020-07-10 03:06:39 +0000  28364 bytes for ./Octicons.ttf
2020-07-10 03:06:39 +0000  copying file ./Feather.ttf ... 
2020-07-10 03:06:39 +0000  58272 bytes for ./Feather.ttf
2020-07-10 03:06:39 +0000  copying file ./AppIcon20x20@2x.png ... 
2020-07-10 03:06:39 +0000  3823 bytes for ./AppIcon20x20@2x.png
2020-07-10 03:06:39 +0000  copying file ./bourse ... 
2020-07-10 03:06:39 +0000  49032160 bytes for ./bourse
2020-07-10 03:06:39 +0000  copying file ./Entypo.ttf ... 
65584 bytes for ./Entypo.ttf
copying file ./AppIcon20x20@3x.png ... 
2020-07-10 03:06:39 +0000  6941 bytes for ./AppIcon20x20@3x.png
2020-07-10 03:06:39 +0000  copying file ./FontAwesome5_Brands.ttf ... 
2020-07-10 03:06:39 +0000  125016 bytes for ./FontAwesome5_Brands.ttf
copying file ./MaterialCommunityIcons.ttf ... 
2020-07-10 03:06:39 +0000  546548 bytes for ./MaterialCommunityIcons.ttf
2020-07-10 03:06:39 +0000  copying file ./AppIcon60x60@2x.png ... 
2020-07-10 03:06:39 +0000  24271 bytes for ./AppIcon60x60@2x.png
copying file ./AppIcon29x29@2x.png ... 
2020-07-10 03:06:39 +0000  6530 bytes for ./AppIcon29x29@2x.png
copying file ./AntDesign.ttf ... 
2020-07-10 03:06:39 +0000  70344 bytes for ./AntDesign.ttf
2020-07-10 03:06:39 +0000  copying file ./Launch Screen.storyboardc/01J-lp-oVM-view-Ze5-6b-2t3.nib/objects-11.0+.nib ... 
2020-07-10 03:06:39 +0000  3914 bytes for ./Launch Screen.storyboardc/01J-lp-oVM-view-Ze5-6b-2t3.nib/objects-11.0+.nib
2020-07-10 03:06:39 +0000  copying file ./Launch Screen.storyboardc/01J-lp-oVM-view-Ze5-6b-2t3.nib/runtime.nib ... 
2020-07-10 03:06:39 +0000  4049 bytes for ./Launch Screen.storyboardc/01J-lp-oVM-view-Ze5-6b-2t3.nib/runtime.nib
2020-07-10 03:06:39 +0000  copying file ./Launch Screen.storyboardc/UIViewController-01J-lp-oVM.nib/objects-11.0+.nib ... 
2020-07-10 03:06:39 +0000  896 bytes for ./Launch Screen.storyboardc/UIViewController-01J-lp-oVM.nib/objects-11.0+.nib
copying file ./Launch Screen.storyboardc/UIViewController-01J-lp-oVM.nib/runtime.nib ... 
2020-07-10 03:06:39 +0000  896 bytes for ./Launch Screen.storyboardc/UIViewController-01J-lp-oVM.nib/runtime.nib
2020-07-10 03:06:39 +0000  copying file ./Launch Screen.storyboardc/Info.plist ... 
2020-07-10 03:06:39 +0000  258 bytes for ./Launch Screen.storyboardc/Info.plist
2020-07-10 03:06:39 +0000  copying file ./AppIcon40x40@3x.png ... 
2020-07-10 03:06:39 +0000  24271 bytes for ./AppIcon40x40@3x.png
copying file ./Foundation.ttf ... 
2020-07-10 03:06:39 +0000  56976 bytes for ./Foundation.ttf
2020-07-10 03:06:39 +0000  copying file ./Ionicons.ttf ... 
2020-07-10 03:06:39 +0000  112472 bytes for ./Ionicons.ttf
2020-07-10 03:06:39 +0000  copying file ./FontAwesome5_Solid.ttf ... 
2020-07-10 03:06:39 +0000  186228 bytes for ./FontAwesome5_Solid.ttf
copying file ./AppIcon40x40@2x.png ... 
2020-07-10 03:06:39 +0000  11471 bytes for ./AppIcon40x40@2x.png
2020-07-10 03:06:39 +0000  copying file ./FontAwesome5_Regular.ttf ... 
2020-07-10 03:06:39 +0000  34092 bytes for ./FontAwesome5_Regular.ttf
2020-07-10 03:06:39 +0000  copying file ./AppIcon29x29@3x.png ... 
2020-07-10 03:06:39 +0000  13133 bytes for ./AppIcon29x29@3x.png
copying file ./AppIcon60x60@3x.png ... 
2020-07-10 03:06:39 +0000  53421 bytes for ./AppIcon60x60@3x.png
2020-07-10 03:06:39 +0000  copying file ./Base.lproj/LaunchScreen.nib ... 
2020-07-10 03:06:39 +0000  3140 bytes for ./Base.lproj/LaunchScreen.nib
2020-07-10 03:06:39 +0000  copying file ./FontAwesome.ttf ... 
2020-07-10 03:06:39 +0000  165548 bytes for ./FontAwesome.ttf
copying file ./Zocial.ttf ... 
2020-07-10 03:06:39 +0000  25552 bytes for ./Zocial.ttf
copying file ./Assets.car ... 
2020-07-10 03:06:39 +0000  1815103 bytes for ./Assets.car
2020-07-10 03:06:39 +0000  copying file ./EvilIcons.ttf ... 
2020-07-10 03:06:39 +0000  13456 bytes for ./EvilIcons.ttf
2020-07-10 03:06:39 +0000  copying file ./main.jsbundle ... 
2020-07-10 03:06:39 +0000  2203286 bytes for ./main.jsbundle
2020-07-10 03:06:39 +0000  copying file ./Frameworks/libswiftCore.dylib ... 
2020-07-10 03:06:39 +0000  95497600 bytes for ./Frameworks/libswiftCore.dylib
2020-07-10 03:06:39 +0000  copying file ./SimpleLineIcons.ttf ... 
2020-07-10 03:06:39 +0000  54056 bytes for ./SimpleLineIcons.ttf
2020-07-10 03:06:39 +0000  copying file ./Fonts/Fontisto.ttf ... 
2020-07-10 03:06:39 +0000  313528 bytes for ./Fonts/Fontisto.ttf
2020-07-10 03:06:39 +0000  copying file ./Fonts/Octicons.ttf ... 
2020-07-10 03:06:39 +0000  28364 bytes for ./Fonts/Octicons.ttf
2020-07-10 03:06:39 +0000  copying file ./Fonts/Feather.ttf ... 
2020-07-10 03:06:39 +0000  58272 bytes for ./Fonts/Feather.ttf
2020-07-10 03:06:39 +0000  copying file ./Fonts/Entypo.ttf ... 
2020-07-10 03:06:39 +0000  65584 bytes for ./Fonts/Entypo.ttf
copying file ./Fonts/FontAwesome5_Brands.ttf ... 
2020-07-10 03:06:39 +0000  125016 bytes for ./Fonts/FontAwesome5_Brands.ttf
copying file ./Fonts/MaterialCommunityIcons.ttf ... 
2020-07-10 03:06:39 +0000  546548 bytes for ./Fonts/MaterialCommunityIcons.ttf
copying file ./Fonts/AntDesign.ttf ... 
2020-07-10 03:06:39 +0000  70344 bytes for ./Fonts/AntDesign.ttf
2020-07-10 03:06:39 +0000  copying file ./Fonts/Foundation.ttf ... 
2020-07-10 03:06:39 +0000  56976 bytes for ./Fonts/Foundation.ttf
2020-07-10 03:06:39 +0000  copying file ./Fonts/Ionicons.ttf ... 
2020-07-10 03:06:39 +0000  112472 bytes for ./Fonts/Ionicons.ttf
2020-07-10 03:06:39 +0000  copying file ./Fonts/FontAwesome5_Solid.ttf ... 
2020-07-10 03:06:39 +0000  186228 bytes for ./Fonts/FontAwesome5_Solid.ttf
copying file ./Fonts/FontAwesome5_Regular.ttf ... 
2020-07-10 03:06:39 +0000  34092 bytes for ./Fonts/FontAwesome5_Regular.ttf
copying file ./Fonts/FontAwesome.ttf ... 
2020-07-10 03:06:39 +0000  165548 bytes for ./Fonts/FontAwesome.ttf
copying file ./Fonts/Zocial.ttf ... 
2020-07-10 03:06:39 +0000  25552 bytes for ./Fonts/Zocial.ttf
2020-07-10 03:06:39 +0000  copying file ./Fonts/EvilIcons.ttf ... 
2020-07-10 03:06:39 +0000  13456 bytes for ./Fonts/EvilIcons.ttf
2020-07-10 03:06:39 +0000  copying file ./Fonts/SimpleLineIcons.ttf ... 
54056 bytes for ./Fonts/SimpleLineIcons.ttf
copying file ./Fonts/MaterialIcons.ttf ... 
2020-07-10 03:06:39 +0000  128180 bytes for ./Fonts/MaterialIcons.ttf
2020-07-10 03:06:39 +0000  copying file ./embedded.mobileprovision ... 
2020-07-10 03:06:39 +0000  7381 bytes for ./embedded.mobileprovision
2020-07-10 03:06:39 +0000  copying file ./assets/app.json ... 
2020-07-10 03:06:39 +0000  49 bytes for ./assets/app.json
2020-07-10 03:06:39 +0000  copying file ./assets/images/my_code.jpg ... 
2020-07-10 03:06:39 +0000  50656 bytes for ./assets/images/my_code.jpg
copying file ./assets/images/oil.png ... 
2020-07-10 03:06:39 +0000  6150 bytes for ./assets/images/oil.png
2020-07-10 03:06:39 +0000  copying file ./assets/images/ETUSD.png ... 
2020-07-10 03:06:39 +0000  6284 bytes for ./assets/images/ETUSD.png
copying file ./assets/images/DASH.png ... 
2020-07-10 03:06:39 +0000  1156 bytes for ./assets/images/DASH.png
copying file ./assets/images/transaction_information.png ... 
2020-07-10 03:06:39 +0000  8075 bytes for ./assets/images/transaction_information.png
2020-07-10 03:06:39 +0000  copying file ./assets/images/company_dynamic.png ... 
2020-07-10 03:06:39 +0000  8924 bytes for ./assets/images/company_dynamic.png
2020-07-10 03:06:39 +0000  copying file ./assets/images/ZEC.png ... 
2020-07-10 03:06:39 +0000  33835 bytes for ./assets/images/ZEC.png
copying file ./assets/images/recharge.png ... 
2020-07-10 03:06:39 +0000  1922 bytes for ./assets/images/recharge.png
2020-07-10 03:06:39 +0000  copying file ./assets/images/input_password_icon.png ... 
2020-07-10 03:06:39 +0000  1838 bytes for ./assets/images/input_password_icon.png
2020-07-10 03:06:39 +0000  copying file ./assets/images/simulator_inactive.png ... 
2020-07-10 03:06:39 +0000  2099 bytes for ./assets/images/simulator_inactive.png
2020-07-10 03:06:39 +0000  copying file ./assets/images/introduction_2.jpg ... 
2020-07-10 03:06:39 +0000  444512 bytes for ./assets/images/introduction_2.jpg
2020-07-10 03:06:39 +0000  copying file ./assets/images/tabbar_inactive.png ... 
2020-07-10 03:06:39 +0000  2134 bytes for ./assets/images/tabbar_inactive.png
copying file ./assets/images/LTC.png ... 
2020-07-10 03:06:39 +0000  649 bytes for ./assets/images/LTC.png
2020-07-10 03:06:39 +0000  copying file ./assets/images/community_performance.png ... 
2020-07-10 03:06:39 +0000  1784 bytes for ./assets/images/community_performance.png
2020-07-10 03:06:39 +0000  copying file ./assets/images/finance_inactive.png ... 
2020-07-10 03:06:39 +0000  2334 bytes for ./assets/images/finance_inactive.png
2020-07-10 03:06:39 +0000  copying file ./assets/images/today_earnings.png ... 
2020-07-10 03:06:39 +0000  1559 bytes for ./assets/images/today_earnings.png
2020-07-10 03:06:39 +0000  copying file ./assets/images/yesterday_earnings.png ... 
2020-07-10 03:06:39 +0000  1651 bytes for ./assets/images/yesterday_earnings.png
2020-07-10 03:06:39 +0000  copying file ./assets/images/introduction_1.jpg ... 
2020-07-10 03:06:39 +0000  480959 bytes for ./assets/images/introduction_1.jpg
2020-07-10 03:06:39 +0000  copying file ./assets/images/get_benefits.png ... 
2020-07-10 03:06:39 +0000  3549 bytes for ./assets/images/get_benefits.png
2020-07-10 03:06:39 +0000  copying file ./assets/images/OMG.png ... 
2020-07-10 03:06:39 +0000  682 bytes for ./assets/images/OMG.png
copying file ./assets/images/EOS.png ... 
2020-07-10 03:06:39 +0000  708 bytes for ./assets/images/EOS.png
copying file ./assets/images/SLBT.png ... 
2020-07-10 03:06:39 +0000  663 bytes for ./assets/images/SLBT.png
copying file ./assets/images/contract_active.png ... 
2020-07-10 03:06:39 +0000  1498 bytes for ./assets/images/contract_active.png
copying file ./assets/images/power.png ... 
2020-07-10 03:06:39 +0000  2478 bytes for ./assets/images/power.png
2020-07-10 03:06:39 +0000  copying file ./assets/images/input_account_icon_1.png ... 
2020-07-10 03:06:39 +0000  2315 bytes for ./assets/images/input_account_icon_1.png
copying file ./assets/images/usdt_to_etu.png ... 
2020-07-10 03:06:39 +0000  17119 bytes for ./assets/images/usdt_to_etu.png
2020-07-10 03:06:39 +0000  copying file ./assets/images/NEO.png ... 
2020-07-10 03:06:39 +0000  3869 bytes for ./assets/images/NEO.png
2020-07-10 03:06:39 +0000  copying file ./assets/images/user_active.png ... 
2020-07-10 03:06:39 +0000  2031 bytes for ./assets/images/user_active.png
copying file ./assets/images/theme.png ... 
2020-07-10 03:06:39 +0000  2055 bytes for ./assets/images/theme.png
copying file ./assets/images/input_password_icon_1.png ... 
2020-07-10 03:06:39 +0000  1908 bytes for ./assets/images/input_password_icon_1.png
2020-07-10 03:06:39 +0000  copying file ./assets/images/ETH.png ... 
2020-07-10 03:06:39 +0000  539 bytes for ./assets/images/ETH.png
copying file ./assets/images/chart.png ... 
2020-07-10 03:06:39 +0000  2008 bytes for ./assets/images/chart.png
copying file ./assets/images/usdt_withdrawal.png ... 
2020-07-10 03:06:39 +0000  2171 bytes for ./assets/images/usdt_withdrawal.png
2020-07-10 03:06:39 +0000  copying file ./assets/images/USDT.png ... 
2020-07-10 03:06:40 +0000  667 bytes for ./assets/images/USDT.png
2020-07-10 03:06:40 +0000  copying file ./assets/images/frosted.jpg ... 
2020-07-10 03:06:40 +0000  19618 bytes for ./assets/images/frosted.jpg
copying file ./assets/images/trading.png ... 
2020-07-10 03:06:40 +0000  2391 bytes for ./assets/images/trading.png
2020-07-10 03:06:40 +0000  copying file ./assets/images/point.png ... 
2020-07-10 03:06:40 +0000  2503 bytes for ./assets/images/point.png
2020-07-10 03:06:40 +0000  copying file ./assets/images/recharge_simulator.png ... 
2020-07-10 03:06:40 +0000  2618 bytes for ./assets/images/recharge_simulator.png
2020-07-10 03:06:40 +0000  copying file ./assets/images/input_account_icon.png ... 
2020-07-10 03:06:40 +0000  2224 bytes for ./assets/images/input_account_icon.png
2020-07-10 03:06:40 +0000  copying file ./assets/images/usdt_recharge.png ... 
2020-07-10 03:06:40 +0000  2405 bytes for ./assets/images/usdt_recharge.png
copying file ./assets/images/finance_active.png ... 
2020-07-10 03:06:40 +0000  2346 bytes for ./assets/images/finance_active.png
copying file ./assets/images/user_inactive.png ... 
2020-07-10 03:06:40 +0000  2054 bytes for ./assets/images/user_inactive.png
2020-07-10 03:06:40 +0000  copying file ./assets/images/point_to_etusd.png ... 
2020-07-10 03:06:40 +0000  17394 bytes for ./assets/images/point_to_etusd.png
copying file ./assets/images/header.png ... 
2020-07-10 03:06:40 +0000  19940 bytes for ./assets/images/header.png
copying file ./assets/images/logo.png ... 
2020-07-10 03:06:40 +0000  62631 bytes for ./assets/images/logo.png
2020-07-10 03:06:40 +0000  copying file ./assets/images/logo2.png ... 
2020-07-10 03:06:40 +0000  49530 bytes for ./assets/images/logo2.png
copying file ./assets/images/XMR.png ... 
2020-07-10 03:06:40 +0000  5293 bytes for ./assets/images/XMR.png
copying file ./assets/images/qr_code.png ... 
2020-07-10 03:06:40 +0000  2351 bytes for ./assets/images/qr_code.png
copying file ./assets/images/contract_inactive.png ... 
2020-07-10 03:06:40 +0000  1490 bytes for ./assets/images/contract_inactive.png
copying file ./assets/images/invest_etu.png ... 
2020-07-10 03:06:40 +0000  3102 bytes for ./assets/images/invest_etu.png
copying file ./assets/images/index3.png ... 
2020-07-10 03:06:40 +0000  1937 bytes for ./assets/images/index3.png
2020-07-10 03:06:40 +0000  copying file ./assets/images/seal.jpg ... 
2020-07-10 03:06:40 +0000  10755 bytes for ./assets/images/seal.jpg
copying file ./assets/images/btc.png ... 
2020-07-10 03:06:40 +0000  7882 bytes for ./assets/images/btc.png
copying file ./assets/images/point_to_usdt.png ... 
2020-07-10 03:06:40 +0000  9585 bytes for ./assets/images/point_to_usdt.png
copying file ./assets/images/index2.png ... 
2020-07-10 03:06:40 +0000  1962 bytes for ./assets/images/index2.png
copying file ./assets/images/community_level.png ... 
2020-07-10 03:06:40 +0000  2326 bytes for ./assets/images/community_level.png
copying file ./assets/images/tabbar_active.png ... 
2020-07-10 03:06:40 +0000  3258 bytes for ./assets/images/tabbar_active.png
2020-07-10 03:06:40 +0000  copying file ./assets/images/etu_notice.png ... 
2020-07-10 03:06:40 +0000  7881 bytes for ./assets/images/etu_notice.png
copying file ./assets/images/notice.png ... 
2020-07-10 03:06:40 +0000  1875 bytes for ./assets/images/notice.png
copying file ./assets/images/float_action.png ... 
2020-07-10 03:06:40 +0000  7649 bytes for ./assets/images/float_action.png
2020-07-10 03:06:40 +0000  copying file ./assets/images/index1.png ... 
2020-07-10 03:06:40 +0000  2058 bytes for ./assets/images/index1.png
2020-07-10 03:06:40 +0000  copying file ./assets/images/all_earnings.png ... 
2020-07-10 03:06:40 +0000  3451 bytes for ./assets/images/all_earnings.png
copying file ./assets/images/simulator_active.png ... 
2020-07-10 03:06:40 +0000  2145 bytes for ./assets/images/simulator_active.png
2020-07-10 03:06:40 +0000  copying file ./assets/images/withdrawal_simulator.png ... 
2020-07-10 03:06:40 +0000  2441 bytes for ./assets/images/withdrawal_simulator.png
copying file ./assets/images/ctc_inactive.png ... 
2020-07-10 03:06:40 +0000  2713 bytes for ./assets/images/ctc_inactive.png
2020-07-10 03:06:40 +0000  copying file ./assets/images/XRP.png ... 
2020-07-10 03:06:40 +0000  737 bytes for ./assets/images/XRP.png
copying file ./assets/images/ctc_active.png ... 
2020-07-10 03:06:40 +0000  2899 bytes for ./assets/images/ctc_active.png
2020-07-10 03:06:40 +0000  copying file ./assets/images/gold.png ... 
2020-07-10 03:06:40 +0000  6357 bytes for ./assets/images/gold.png
copying file ./assets/images/signature.jpg ... 
2020-07-10 03:06:40 +0000  7197 bytes for ./assets/images/signature.jpg
copying file ./assets/images/etu_dynamic.png ... 
2020-07-10 03:06:40 +0000  7654 bytes for ./assets/images/etu_dynamic.png
2020-07-10 03:06:40 +0000  copying file ./assets/node_modules/css-tree/dist/default-syntax.json ... 
2020-07-10 03:06:40 +0000  57784 bytes for ./assets/node_modules/css-tree/dist/default-syntax.json
2020-07-10 03:06:40 +0000  copying file ./assets/node_modules/dom-serializer/foreignNames.json ... 
2020-07-10 03:06:40 +0000  3149 bytes for ./assets/node_modules/dom-serializer/foreignNames.json
2020-07-10 03:06:40 +0000  copying file ./assets/node_modules/@react-navigation/stack/src/views/assets/back-icon@3x.png ... 
2020-07-10 03:06:40 +0000  761 bytes for ./assets/node_modules/@react-navigation/stack/src/views/assets/back-icon@3x.png
copying file ./assets/node_modules/@react-navigation/stack/src/views/assets/back-icon@2x.png ... 
2020-07-10 03:06:40 +0000  405 bytes for ./assets/node_modules/@react-navigation/stack/src/views/assets/back-icon@2x.png
copying file ./assets/node_modules/@react-navigation/stack/src/views/assets/back-icon.png ... 
2020-07-10 03:06:40 +0000  290 bytes for ./assets/node_modules/@react-navigation/stack/src/views/assets/back-icon.png
2020-07-10 03:06:40 +0000  copying file ./assets/node_modules/@react-navigation/stack/src/views/assets/back-icon-mask.png ... 
2020-07-10 03:06:40 +0000  913 bytes for ./assets/node_modules/@react-navigation/stack/src/views/assets/back-icon-mask.png
2020-07-10 03:06:40 +0000  copying file ./assets/node_modules/css-select/lib/procedure.json ... 
2020-07-10 03:06:40 +0000  145 bytes for ./assets/node_modules/css-select/lib/procedure.json
2020-07-10 03:06:40 +0000  copying file ./assets/node_modules/react-native-vector-icons/glyphmaps/FontAwesome.json ... 
2020-07-10 03:06:40 +0000  17437 bytes for ./assets/node_modules/react-native-vector-icons/glyphmaps/FontAwesome.json
2020-07-10 03:06:40 +0000  copying file ./assets/node_modules/entities/lib/maps/xml.json ... 
2020-07-10 03:06:40 +0000  64 bytes for ./assets/node_modules/entities/lib/maps/xml.json
2020-07-10 03:06:40 +0000  copying file ./assets/node_modules/entities/lib/maps/decode.json ... 
2020-07-10 03:06:40 +0000  356 bytes for ./assets/node_modules/entities/lib/maps/decode.json
copying file ./assets/node_modules/entities/lib/maps/entities.json ... 
2020-07-10 03:06:40 +0000  44868 bytes for ./assets/node_modules/entities/lib/maps/entities.json
2020-07-10 03:06:40 +0000  copying file ./assets/node_modules/entities/lib/maps/legacy.json ... 
2020-07-10 03:06:40 +0000  1961 bytes for ./assets/node_modules/entities/lib/maps/legacy.json
2020-07-10 03:06:40 +0000  copying file ./Info.plist ... 
2020-07-10 03:06:40 +0000  1934 bytes for ./Info.plist
2020-07-10 03:06:40 +0000  copying file ./PkgInfo ... 
2020-07-10 03:06:40 +0000  8 bytes for ./PkgInfo
2020-07-10 03:06:40 +0000  copying file ./bundles/main.jsbundle ... 
2020-07-10 03:06:40 +0000  2203286 bytes for ./bundles/main.jsbundle
2020-07-10 03:06:40 +0000  copying file ./bundles/assets/app.json ... 
2020-07-10 03:06:40 +0000  49 bytes for ./bundles/assets/app.json
2020-07-10 03:06:40 +0000  copying file ./bundles/assets/images/my_code.jpg ... 
2020-07-10 03:06:40 +0000  50656 bytes for ./bundles/assets/images/my_code.jpg
copying file ./bundles/assets/images/oil.png ... 
2020-07-10 03:06:40 +0000  6150 bytes for ./bundles/assets/images/oil.png
copying file ./bundles/assets/images/ETUSD.png ... 
2020-07-10 03:06:40 +0000  6284 bytes for ./bundles/assets/images/ETUSD.png
2020-07-10 03:06:40 +0000  copying file ./bundles/assets/images/DASH.png ... 
2020-07-10 03:06:40 +0000  1156 bytes for ./bundles/assets/images/DASH.png
copying file ./bundles/assets/images/transaction_information.png ... 
2020-07-10 03:06:40 +0000  8075 bytes for ./bundles/assets/images/transaction_information.png
2020-07-10 03:06:40 +0000  copying file ./bundles/assets/images/company_dynamic.png ... 
2020-07-10 03:06:40 +0000  8924 bytes for ./bundles/assets/images/company_dynamic.png
2020-07-10 03:06:40 +0000  copying file ./bundles/assets/images/ZEC.png ... 
2020-07-10 03:06:40 +0000  33835 bytes for ./bundles/assets/images/ZEC.png
2020-07-10 03:06:40 +0000  copying file ./bundles/assets/images/recharge.png ... 
2020-07-10 03:06:40 +0000  1922 bytes for ./bundles/assets/images/recharge.png
copying file ./bundles/assets/images/input_password_icon.png ... 
2020-07-10 03:06:40 +0000  1838 bytes for ./bundles/assets/images/input_password_icon.png
copying file ./bundles/assets/images/simulator_inactive.png ... 
2020-07-10 03:06:40 +0000  2099 bytes for ./bundles/assets/images/simulator_inactive.png
copying file ./bundles/assets/images/introduction_2.jpg ... 
2020-07-10 03:06:40 +0000  444512 bytes for ./bundles/assets/images/introduction_2.jpg
2020-07-10 03:06:40 +0000  copying file ./bundles/assets/images/tabbar_inactive.png ... 
2020-07-10 03:06:40 +0000  2134 bytes for ./bundles/assets/images/tabbar_inactive.png
copying file ./bundles/assets/images/LTC.png ... 
2020-07-10 03:06:40 +0000  649 bytes for ./bundles/assets/images/LTC.png
2020-07-10 03:06:40 +0000  copying file ./bundles/assets/images/community_performance.png ... 
2020-07-10 03:06:40 +0000  1784 bytes for ./bundles/assets/images/community_performance.png
copying file ./bundles/assets/images/finance_inactive.png ... 
2020-07-10 03:06:40 +0000  2334 bytes for ./bundles/assets/images/finance_inactive.png
copying file ./bundles/assets/images/today_earnings.png ... 
2020-07-10 03:06:40 +0000  1559 bytes for ./bundles/assets/images/today_earnings.png
2020-07-10 03:06:40 +0000  copying file ./bundles/assets/images/yesterday_earnings.png ... 
2020-07-10 03:06:40 +0000  1651 bytes for ./bundles/assets/images/yesterday_earnings.png
2020-07-10 03:06:40 +0000  copying file ./bundles/assets/images/introduction_1.jpg ... 
2020-07-10 03:06:40 +0000  480959 bytes for ./bundles/assets/images/introduction_1.jpg
2020-07-10 03:06:40 +0000  copying file ./bundles/assets/images/get_benefits.png ... 
2020-07-10 03:06:40 +0000  3549 bytes for ./bundles/assets/images/get_benefits.png
2020-07-10 03:06:40 +0000  copying file ./bundles/assets/images/OMG.png ... 
2020-07-10 03:06:40 +0000  682 bytes for ./bundles/assets/images/OMG.png
2020-07-10 03:06:40 +0000  copying file ./bundles/assets/images/EOS.png ... 
2020-07-10 03:06:40 +0000  708 bytes for ./bundles/assets/images/EOS.png
copying file ./bundles/assets/images/SLBT.png ... 
2020-07-10 03:06:40 +0000  663 bytes for ./bundles/assets/images/SLBT.png
2020-07-10 03:06:40 +0000  copying file ./bundles/assets/images/contract_active.png ... 
2020-07-10 03:06:40 +0000  1498 bytes for ./bundles/assets/images/contract_active.png
2020-07-10 03:06:40 +0000  copying file ./bundles/assets/images/power.png ... 
2020-07-10 03:06:40 +0000  2478 bytes for ./bundles/assets/images/power.png
2020-07-10 03:06:40 +0000  copying file ./bundles/assets/images/input_account_icon_1.png ... 
2020-07-10 03:06:40 +0000  2315 bytes for ./bundles/assets/images/input_account_icon_1.png
2020-07-10 03:06:40 +0000  copying file ./bundles/assets/images/usdt_to_etu.png ... 
2020-07-10 03:06:40 +0000  17119 bytes for ./bundles/assets/images/usdt_to_etu.png
2020-07-10 03:06:40 +0000  copying file ./bundles/assets/images/NEO.png ... 
2020-07-10 03:06:40 +0000  3869 bytes for ./bundles/assets/images/NEO.png
2020-07-10 03:06:40 +0000  copying file ./bundles/assets/images/user_active.png ... 
2020-07-10 03:06:40 +0000  2031 bytes for ./bundles/assets/images/user_active.png
2020-07-10 03:06:40 +0000  copying file ./bundles/assets/images/theme.png ... 
2020-07-10 03:06:40 +0000  2055 bytes for ./bundles/assets/images/theme.png
2020-07-10 03:06:40 +0000  copying file ./bundles/assets/images/input_password_icon_1.png ... 
2020-07-10 03:06:40 +0000  1908 bytes for ./bundles/assets/images/input_password_icon_1.png
2020-07-10 03:06:40 +0000  copying file ./bundles/assets/images/ETH.png ... 
2020-07-10 03:06:40 +0000  539 bytes for ./bundles/assets/images/ETH.png
2020-07-10 03:06:40 +0000  copying file ./bundles/assets/images/chart.png ... 
2020-07-10 03:06:40 +0000  2008 bytes for ./bundles/assets/images/chart.png
2020-07-10 03:06:40 +0000  copying file ./bundles/assets/images/usdt_withdrawal.png ... 
2020-07-10 03:06:40 +0000  2171 bytes for ./bundles/assets/images/usdt_withdrawal.png
2020-07-10 03:06:40 +0000  copying file ./bundles/assets/images/USDT.png ... 
2020-07-10 03:06:40 +0000  667 bytes for ./bundles/assets/images/USDT.png
2020-07-10 03:06:40 +0000  copying file ./bundles/assets/images/frosted.jpg ... 
2020-07-10 03:06:40 +0000  19618 bytes for ./bundles/assets/images/frosted.jpg
2020-07-10 03:06:40 +0000  copying file ./bundles/assets/images/trading.png ... 
2020-07-10 03:06:40 +0000  2391 bytes for ./bundles/assets/images/trading.png
2020-07-10 03:06:40 +0000  copying file ./bundles/assets/images/point.png ... 
2020-07-10 03:06:40 +0000  2503 bytes for ./bundles/assets/images/point.png
2020-07-10 03:06:40 +0000  copying file ./bundles/assets/images/recharge_simulator.png ... 
2020-07-10 03:06:40 +0000  2618 bytes for ./bundles/assets/images/recharge_simulator.png
2020-07-10 03:06:40 +0000  copying file ./bundles/assets/images/input_account_icon.png ... 
2020-07-10 03:06:40 +0000  2224 bytes for ./bundles/assets/images/input_account_icon.png
2020-07-10 03:06:40 +0000  copying file ./bundles/assets/images/usdt_recharge.png ... 
2020-07-10 03:06:40 +0000  2405 bytes for ./bundles/assets/images/usdt_recharge.png
2020-07-10 03:06:40 +0000  copying file ./bundles/assets/images/finance_active.png ... 
2020-07-10 03:06:40 +0000  2346 bytes for ./bundles/assets/images/finance_active.png
2020-07-10 03:06:40 +0000  copying file ./bundles/assets/images/user_inactive.png ... 
2020-07-10 03:06:40 +0000  2054 bytes for ./bundles/assets/images/user_inactive.png
2020-07-10 03:06:40 +0000  copying file ./bundles/assets/images/point_to_etusd.png ... 
2020-07-10 03:06:40 +0000  17394 bytes for ./bundles/assets/images/point_to_etusd.png
2020-07-10 03:06:40 +0000  copying file ./bundles/assets/images/header.png ... 
2020-07-10 03:06:40 +0000  19940 bytes for ./bundles/assets/images/header.png
2020-07-10 03:06:40 +0000  copying file ./bundles/assets/images/logo.png ... 
2020-07-10 03:06:40 +0000  62631 bytes for ./bundles/assets/images/logo.png
2020-07-10 03:06:40 +0000  copying file ./bundles/assets/images/logo2.png ... 
2020-07-10 03:06:40 +0000  49530 bytes for ./bundles/assets/images/logo2.png
2020-07-10 03:06:40 +0000  copying file ./bundles/assets/images/XMR.png ... 
2020-07-10 03:06:40 +0000  5293 bytes for ./bundles/assets/images/XMR.png
2020-07-10 03:06:40 +0000  copying file ./bundles/assets/images/qr_code.png ... 
2020-07-10 03:06:40 +0000  2351 bytes for ./bundles/assets/images/qr_code.png
2020-07-10 03:06:40 +0000  copying file ./bundles/assets/images/contract_inactive.png ... 
2020-07-10 03:06:40 +0000  1490 bytes for ./bundles/assets/images/contract_inactive.png
2020-07-10 03:06:40 +0000  copying file ./bundles/assets/images/invest_etu.png ... 
2020-07-10 03:06:40 +0000  3102 bytes for ./bundles/assets/images/invest_etu.png
2020-07-10 03:06:40 +0000  copying file ./bundles/assets/images/index3.png ... 
2020-07-10 03:06:40 +0000  1937 bytes for ./bundles/assets/images/index3.png
2020-07-10 03:06:40 +0000  copying file ./bundles/assets/images/seal.jpg ... 
2020-07-10 03:06:40 +0000  10755 bytes for ./bundles/assets/images/seal.jpg
2020-07-10 03:06:40 +0000  copying file ./bundles/assets/images/btc.png ... 
2020-07-10 03:06:40 +0000  7882 bytes for ./bundles/assets/images/btc.png
2020-07-10 03:06:40 +0000  copying file ./bundles/assets/images/point_to_usdt.png ... 
2020-07-10 03:06:40 +0000  9585 bytes for ./bundles/assets/images/point_to_usdt.png
2020-07-10 03:06:40 +0000  copying file ./bundles/assets/images/index2.png ... 
2020-07-10 03:06:40 +0000  1962 bytes for ./bundles/assets/images/index2.png
2020-07-10 03:06:40 +0000  copying file ./bundles/assets/images/community_level.png ... 
2020-07-10 03:06:40 +0000  2326 bytes for ./bundles/assets/images/community_level.png
2020-07-10 03:06:40 +0000  copying file ./bundles/assets/images/tabbar_active.png ... 
2020-07-10 03:06:40 +0000  3258 bytes for ./bundles/assets/images/tabbar_active.png
copying file ./bundles/assets/images/etu_notice.png ... 
2020-07-10 03:06:40 +0000  7881 bytes for ./bundles/assets/images/etu_notice.png
2020-07-10 03:06:40 +0000  copying file ./bundles/assets/images/notice.png ... 
2020-07-10 03:06:40 +0000  1875 bytes for ./bundles/assets/images/notice.png
2020-07-10 03:06:40 +0000  copying file ./bundles/assets/images/float_action.png ... 
2020-07-10 03:06:40 +0000  7649 bytes for ./bundles/assets/images/float_action.png
2020-07-10 03:06:40 +0000  copying file ./bundles/assets/images/index1.png ... 
2020-07-10 03:06:40 +0000  2058 bytes for ./bundles/assets/images/index1.png
copying file ./bundles/assets/images/all_earnings.png ... 
2020-07-10 03:06:40 +0000  3451 bytes for ./bundles/assets/images/all_earnings.png
copying file ./bundles/assets/images/simulator_active.png ... 
2020-07-10 03:06:40 +0000  2145 bytes for ./bundles/assets/images/simulator_active.png
2020-07-10 03:06:40 +0000  copying file ./bundles/assets/images/withdrawal_simulator.png ... 
2020-07-10 03:06:40 +0000  2441 bytes for ./bundles/assets/images/withdrawal_simulator.png
2020-07-10 03:06:40 +0000  copying file ./bundles/assets/images/ctc_inactive.png ... 
2020-07-10 03:06:40 +0000  2713 bytes for ./bundles/assets/images/ctc_inactive.png
2020-07-10 03:06:40 +0000  copying file ./bundles/assets/images/XRP.png ... 
2020-07-10 03:06:40 +0000  737 bytes for ./bundles/assets/images/XRP.png
2020-07-10 03:06:40 +0000  copying file ./bundles/assets/images/ctc_active.png ... 
2020-07-10 03:06:40 +0000  2899 bytes for ./bundles/assets/images/ctc_active.png
2020-07-10 03:06:40 +0000  copying file ./bundles/assets/images/gold.png ... 
2020-07-10 03:06:40 +0000  6357 bytes for ./bundles/assets/images/gold.png
2020-07-10 03:06:40 +0000  copying file ./bundles/assets/images/signature.jpg ... 
2020-07-10 03:06:40 +0000  7197 bytes for ./bundles/assets/images/signature.jpg
2020-07-10 03:06:40 +0000  copying file ./bundles/assets/images/etu_dynamic.png ... 
2020-07-10 03:06:40 +0000  7654 bytes for ./bundles/assets/images/etu_dynamic.png
2020-07-10 03:06:40 +0000  copying file ./bundles/assets/node_modules/css-tree/dist/default-syntax.json ... 
2020-07-10 03:06:40 +0000  57784 bytes for ./bundles/assets/node_modules/css-tree/dist/default-syntax.json
2020-07-10 03:06:40 +0000  copying file ./bundles/assets/node_modules/dom-serializer/foreignNames.json ... 
2020-07-10 03:06:40 +0000  3149 bytes for ./bundles/assets/node_modules/dom-serializer/foreignNames.json
2020-07-10 03:06:40 +0000  copying file ./bundles/assets/node_modules/@react-navigation/stack/src/views/assets/back-icon@3x.png ... 
2020-07-10 03:06:40 +0000  761 bytes for ./bundles/assets/node_modules/@react-navigation/stack/src/views/assets/back-icon@3x.png
2020-07-10 03:06:40 +0000  copying file ./bundles/assets/node_modules/@react-navigation/stack/src/views/assets/back-icon@2x.png ... 
2020-07-10 03:06:40 +0000  405 bytes for ./bundles/assets/node_modules/@react-navigation/stack/src/views/assets/back-icon@2x.png
2020-07-10 03:06:40 +0000  copying file ./bundles/assets/node_modules/@react-navigation/stack/src/views/assets/back-icon.png ... 
2020-07-10 03:06:40 +0000  290 bytes for ./bundles/assets/node_modules/@react-navigation/stack/src/views/assets/back-icon.png
2020-07-10 03:06:40 +0000  copying file ./bundles/assets/node_modules/@react-navigation/stack/src/views/assets/back-icon-mask.png ... 
2020-07-10 03:06:40 +0000  913 bytes for ./bundles/assets/node_modules/@react-navigation/stack/src/views/assets/back-icon-mask.png
2020-07-10 03:06:40 +0000  copying file ./bundles/assets/node_modules/css-select/lib/procedure.json ... 
2020-07-10 03:06:40 +0000  145 bytes for ./bundles/assets/node_modules/css-select/lib/procedure.json
2020-07-10 03:06:40 +0000  copying file ./bundles/assets/node_modules/react-native-vector-icons/glyphmaps/FontAwesome.json ... 
2020-07-10 03:06:40 +0000  17437 bytes for ./bundles/assets/node_modules/react-native-vector-icons/glyphmaps/FontAwesome.json
2020-07-10 03:06:40 +0000  copying file ./bundles/assets/node_modules/entities/lib/maps/xml.json ... 
2020-07-10 03:06:40 +0000  64 bytes for ./bundles/assets/node_modules/entities/lib/maps/xml.json
2020-07-10 03:06:40 +0000  copying file ./bundles/assets/node_modules/entities/lib/maps/decode.json ... 
2020-07-10 03:06:40 +0000  356 bytes for ./bundles/assets/node_modules/entities/lib/maps/decode.json
copying file ./bundles/assets/node_modules/entities/lib/maps/entities.json ... 
2020-07-10 03:06:40 +0000  44868 bytes for ./bundles/assets/node_modules/entities/lib/maps/entities.json
copying file ./bundles/assets/node_modules/entities/lib/maps/legacy.json ... 
2020-07-10 03:06:40 +0000  1961 bytes for ./bundles/assets/node_modules/entities/lib/maps/legacy.json
2020-07-10 03:06:40 +0000  copying file ./MaterialIcons.ttf ... 
2020-07-10 03:06:40 +0000  128180 bytes for ./MaterialIcons.ttf
2020-07-10 03:06:40 +0000  /usr/bin/ditto exited with 0
2020-07-10 03:06:40 +0000  Processing step: IDEDistributionEmbedProfileStep
2020-07-10 03:06:40 +0000  Skipping profile for item: <IDEDistributionItem: 0x7fc9f5006fd0; bundleID='com.apple.dt.runtime.swiftCore', path='<DVTFilePath:0x7fc9fb1ce670:'/Users/apple/Library/Developer/Xcode/Archives/2020-07-09/bourse 2020-7-9, 9.35 PM.xcarchive/Products/Applications/bourse.app/Frameworks/libswiftCore.dylib'>', codeSigningInfo='<_DVTCodeSigningInformation_Path: 0x7fc9f8c4d420; isSigned='1', isAdHocSigned='0', signingCertificate='<DVTSigningCertificate: 0x7fca0b9588f0; name='iPhone Distribution: Mianyang Bona Technology Co., Ltd. (7V7M5G5786)', hash='8D85E3F4A945BEA4E7D5448EC8C3DA8F6108B84C', serialNumber='4432D86195BAA1E1', certificateKinds='(
    "1.2.840.113635.100.6.1.4"
), issueDate='2020-07-09 12:09:33 +0000''>', entitlements='(null)', teamID='7V7M5G5786', identifier='com.apple.dt.runtime.swiftCore', executablePath='<DVTFilePath:0x7fc9fb1ce670:'/Users/apple/Library/Developer/Xcode/Archives/2020-07-09/bourse 2020-7-9, 9.35 PM.xcarchive/Products/Applications/bourse.app/Frameworks/libswiftCore.dylib'>', hardenedRuntime='0'>'>
2020-07-10 03:06:40 +0000  Processing step: IDEDistributionInfoPlistStep
2020-07-10 03:06:40 +0000  Skipping step: IDEDistributionInfoPlistStep because it said so
2020-07-10 03:06:40 +0000  Skipping step: IDEDistributionInfoPlistStep because it said so
2020-07-10 03:06:40 +0000  Processing step: IDEDistributionItemRemovalStep
2020-07-10 03:06:40 +0000  Processing step: IDEDistributionAppThinningPlistStep
2020-07-10 03:06:40 +0000  Skipping step: IDEDistributionAppThinningPlistStep because it said so
2020-07-10 03:06:40 +0000  Processing step: IDEDistributionCompileBitcodeStep
2020-07-10 03:06:40 +0000  Skipping step: IDEDistributionCompileBitcodeStep because it said so
2020-07-10 03:06:40 +0000  Processing step: IDEDistributionCodeSlimmingStep
2020-07-10 03:06:40 +0000  Processing step: IDEDistributionCopyBCSymbolMapsStep
2020-07-10 03:06:40 +0000  Processing step: IDEDistributionSymbolsStep
2020-07-10 03:06:40 +0000  Excluding symbols for libswiftCore.dylib
2020-07-10 03:06:40 +0000  Processing symbols for bourse.app
2020-07-10 03:06:40 +0000  Running /usr/bin/rsync '-8aPhhE' '/var/folders/39/59yr6m3959jgry20f7sn9whw0000gn/T/XcodeDistPipeline.~~~xjC5Bj/Root/Payload/bourse.app' '--link-dest' '/var/folders/39/59yr6m3959jgry20f7sn9whw0000gn/T/XcodeDistPipeline.~~~xjC5Bj/Root/Payload' '/var/folders/39/59yr6m3959jgry20f7sn9whw0000gn/T/XcodeDistPipeline.~~~xjC5Bj'
2020-07-10 03:06:40 +0000  building file list ... 
2020-07-10 03:06:40 +0000   0 files...2020-07-10 03:06:40 +0000   100 files...2020-07-10 03:06:40 +0000   200 files...2020-07-10 03:06:40 +0000  266 files to consider
2020-07-10 03:06:40 +0000  bourse.app/
2020-07-10 03:06:40 +0000  bourse.app/Base.lproj/
bourse.app/Fonts/
bourse.app/Frameworks/
bourse.app/Launch Screen.storyboardc/
bourse.app/Launch Screen.storyboardc/01J-lp-oVM-view-Ze5-6b-2t3.nib/
bourse.app/Launch Screen.storyboardc/UIViewController-01J-lp-oVM.nib/
2020-07-10 03:06:40 +0000  bourse.app/_CodeSignature/
bourse.app/assets/
bourse.app/assets/images/
bourse.app/assets/node_modules/
bourse.app/assets/node_modules/@react-navigation/
bourse.app/assets/node_modules/@react-navigation/stack/
bourse.app/assets/node_modules/@react-navigation/stack/src/
bourse.app/assets/node_modules/@react-navigation/stack/src/views/
bourse.app/assets/node_modules/@react-navigation/stack/src/views/assets/
bourse.app/assets/node_modules/css-select/
bourse.app/assets/node_modules/css-select/lib/
bourse.app/assets/node_modules/css-tree/
bourse.app/assets/node_modules/css-tree/dist/
bourse.app/assets/node_modules/dom-serializer/
bourse.app/assets/node_modules/entities/
bourse.app/assets/node_modules/entities/lib/
bourse.app/assets/node_modules/entities/lib/maps/
bourse.app/assets/node_modules/react-native-vector-icons/
bourse.app/assets/node_modules/react-native-vector-icons/glyphmaps/
bourse.app/bundles/
bourse.app/bundles/assets/
bourse.app/bundles/assets/images/
bourse.app/bundles/assets/node_modules/
bourse.app/bundles/assets/node_modules/@react-navigation/
bourse.app/bundles/assets/node_modules/@react-navigation/stack/
bourse.app/bundles/assets/node_modules/@react-navigation/stack/src/
bourse.app/bundles/assets/node_modules/@react-navigation/stack/src/views/
bourse.app/bundles/assets/node_modules/@react-navigation/stack/src/views/assets/
bourse.app/bundles/assets/node_modules/css-select/
bourse.app/bundles/assets/node_modules/css-select/lib/
bourse.app/bundles/assets/node_modules/css-tree/
bourse.app/bundles/assets/node_modules/css-tree/dist/
bourse.app/bundles/assets/node_modules/dom-serializer/
bourse.app/bundles/assets/node_modules/entities/
bourse.app/bundles/assets/node_modules/entities/lib/
bourse.app/bundles/assets/node_modules/entities/lib/maps/
bourse.app/bundles/assets/node_modules/react-native-vector-icons/
bourse.app/bundles/assets/node_modules/react-native-vector-icons/glyphmaps/
2020-07-10 03:06:40 +0000  
2020-07-10 03:06:40 +0000  sent 6.65K bytes  received 290 bytes  13.87K bytes/sec
total size is 40.70M  speedup is 6011.77
2020-07-10 03:06:40 +0000  /usr/bin/rsync exited with 0
2020-07-10 03:06:40 +0000  Running /usr/bin/rsync '-8aPhhE' '/Users/apple/Library/Developer/Xcode/Archives/2020-07-09/bourse 2020-7-9, 9.35 PM.xcarchive/dSYMs/' '--link-dest' '/Users/apple/Library/Developer/Xcode/Archives/2020-07-09/bourse 2020-7-9, 9.35 PM.xcarchive/dSYMs/' '/var/folders/39/59yr6m3959jgry20f7sn9whw0000gn/T/XcodeDistPipeline.~~~xjC5Bj'
2020-07-10 03:06:40 +0000  building file list ... 
2020-07-10 03:06:40 +0000   0 files...2020-07-10 03:06:40 +0000  7 files to consider
2020-07-10 03:06:40 +0000  ./
2020-07-10 03:06:40 +0000  bourse.app.dSYM/
bourse.app.dSYM/Contents/
2020-07-10 03:06:40 +0000  bourse.app.dSYM/Contents/Resources/
bourse.app.dSYM/Contents/Resources/DWARF/
2020-07-10 03:06:40 +0000  
2020-07-10 03:06:40 +0000  sent 236 bytes  received 50 bytes  572.00 bytes/sec
total size is 55.53M  speedup is 203604.45
2020-07-10 03:06:40 +0000  /usr/bin/rsync exited with 0
2020-07-10 03:06:40 +0000  Running /Applications/Xcode.app/Contents/Developer/usr/bin/symbols '-noTextInSOD' '-noDaemon' '-arch' 'all' '-symbolsPackageDir' '/var/folders/39/59yr6m3959jgry20f7sn9whw0000gn/T/XcodeDistPipeline.~~~xjC5Bj/Symbols' '/var/folders/39/59yr6m3959jgry20f7sn9whw0000gn/T/XcodeDistPipeline.~~~xjC5Bj/bourse.app.dSYM/Contents/Resources/Dwarf/bourse'
2020-07-10 03:06:44 +0000  /var/folders/39/59yr6m3959jgry20f7sn9whw0000gn/T/XcodeDistPipeline.~~~xjC5Bj/bourse.app.dSYM/Contents/Resources/Dwarf/bourse [armv7, 1.767272 seconds]:
/var/folders/39/59yr6m3959jgry20f7sn9whw0000gn/T/XcodeDistPipeline.~~~xjC5Bj/bourse.app.dSYM/Contents/Resources/Dwarf/bourse [arm64, 1.767272 seconds]:
2020-07-10 03:06:44 +0000  /Applications/Xcode.app/Contents/Developer/usr/bin/symbols exited with 0
2020-07-10 03:06:44 +0000  Processing step: IDEDistributionCopyAppleProvidedContentStep
2020-07-10 03:06:44 +0000  Running /usr/bin/ditto '-V' '/Users/apple/Library/Developer/Xcode/Archives/2020-07-09/bourse 2020-7-9, 9.35 PM.xcarchive/SwiftSupport' '/var/folders/39/59yr6m3959jgry20f7sn9whw0000gn/T/XcodeDistPipeline.~~~xjC5Bj/Root/SwiftSupport'
2020-07-10 03:06:44 +0000  >>> Copying /Users/apple/Library/Developer/Xcode/Archives/2020-07-09/bourse 2020-7-9, 9.35 PM.xcarchive/SwiftSupport 
2020-07-10 03:06:44 +0000  copying file ./iphoneos/libswiftCore.dylib ... 
2020-07-10 03:06:44 +0000  140528488 bytes for ./iphoneos/libswiftCore.dylib
2020-07-10 03:06:44 +0000  /usr/bin/ditto exited with 0
2020-07-10 03:06:44 +0000  Processing step: IDEDistributionAppThinningStep
2020-07-10 03:06:44 +0000  Skipping step: IDEDistributionAppThinningStep because it said so
2020-07-10 03:06:44 +0000  Processing step: IDEDistributionArchThinningStep
2020-07-10 03:06:44 +0000  Running /Applications/Xcode.app/Contents/Developer/Toolchains/XcodeDefault.xctoolchain/usr/bin/lipo '/var/folders/39/59yr6m3959jgry20f7sn9whw0000gn/T/XcodeDistPipeline.~~~xjC5Bj/Root/Payload/bourse.app/Frameworks/libswiftCore.dylib' '-verify_arch' 'arm64e'
2020-07-10 03:06:44 +0000  /Applications/Xcode.app/Contents/Developer/Toolchains/XcodeDefault.xctoolchain/usr/bin/lipo exited with 0
2020-07-10 03:06:44 +0000  Running /Applications/Xcode.app/Contents/Developer/Toolchains/XcodeDefault.xctoolchain/usr/bin/lipo '/var/folders/39/59yr6m3959jgry20f7sn9whw0000gn/T/XcodeDistPipeline.~~~xjC5Bj/Root/Payload/bourse.app/Frameworks/libswiftCore.dylib' '-remove' 'arm64e' '-output' '/var/folders/39/59yr6m3959jgry20f7sn9whw0000gn/T/XcodeDistPipeline.~~~xjC5Bj/Root/Payload/bourse.app/Frameworks/libswiftCore.dylib'
2020-07-10 03:06:44 +0000  /Applications/Xcode.app/Contents/Developer/Toolchains/XcodeDefault.xctoolchain/usr/bin/lipo exited with 0
2020-07-10 03:06:44 +0000  Successfully thinned item "libswiftCore.dylib", arch "arm64e"
2020-07-10 03:06:44 +0000  Running /Applications/Xcode.app/Contents/Developer/Toolchains/XcodeDefault.xctoolchain/usr/bin/lipo '/var/folders/39/59yr6m3959jgry20f7sn9whw0000gn/T/XcodeDistPipeline.~~~xjC5Bj/Root/Payload/bourse.app/bourse' '-verify_arch' 'arm64e'
2020-07-10 03:06:44 +0000  /Applications/Xcode.app/Contents/Developer/Toolchains/XcodeDefault.xctoolchain/usr/bin/lipo exited with 1
2020-07-10 03:06:44 +0000  Skipping architecture thinning for item "bourse" because arch "arm64e" wasn't found
2020-07-10 03:06:44 +0000  Processing step: IDEDistributionODRStep
2020-07-10 03:06:44 +0000  Processing step: IDEDistributionStripXattrsStep
2020-07-10 03:06:44 +0000  Skipping stripping extended attributes of item: <IDEDistributionItem: 0x7fc9f5006fd0; bundleID='com.apple.dt.runtime.swiftCore', path='<DVTFilePath:0x7fc9fb1ce670:'/Users/apple/Library/Developer/Xcode/Archives/2020-07-09/bourse 2020-7-9, 9.35 PM.xcarchive/Products/Applications/bourse.app/Frameworks/libswiftCore.dylib'>', codeSigningInfo='<_DVTCodeSigningInformation_Path: 0x7fc9f8c4d420; isSigned='1', isAdHocSigned='0', signingCertificate='<DVTSigningCertificate: 0x7fca1e5d52a0; name='iPhone Distribution: Mianyang Bona Technology Co., Ltd. (7V7M5G5786)', hash='8D85E3F4A945BEA4E7D5448EC8C3DA8F6108B84C', serialNumber='4432D86195BAA1E1', certificateKinds='(
    "1.2.840.113635.100.6.1.4"
), issueDate='2020-07-09 12:09:33 +0000''>', entitlements='(null)', teamID='7V7M5G5786', identifier='com.apple.dt.runtime.swiftCore', executablePath='<DVTFilePath:0x7fc9fb1ce670:'/Users/apple/Library/Developer/Xcode/Archives/2020-07-09/bourse 2020-7-9, 9.35 PM.xcarchive/Products/Applications/bourse.app/Frameworks/libswiftCore.dylib'>', hardenedRuntime='0'>'>
2020-07-10 03:06:44 +0000  Running /usr/bin/xattr '-crs' '/var/folders/39/59yr6m3959jgry20f7sn9whw0000gn/T/XcodeDistPipeline.~~~xjC5Bj/Root/Payload/bourse.app'
2020-07-10 03:06:45 +0000  /usr/bin/xattr exited with 0
2020-07-10 03:06:45 +0000  Processing step: IDEDistributionCodesignStep
2020-07-10 03:06:45 +0000  Entitlements for <IDEDistributionItem: 0x7fc9f5006fd0; bundleID='com.apple.dt.runtime.swiftCore', path='<DVTFilePath:0x7fc9fb1ce670:'/Users/apple/Library/Developer/Xcode/Archives/2020-07-09/bourse 2020-7-9, 9.35 PM.xcarchive/Products/Applications/bourse.app/Frameworks/libswiftCore.dylib'>', codeSigningInfo='<_DVTCodeSigningInformation_Path: 0x7fc9f8c4d420; isSigned='1', isAdHocSigned='0', signingCertificate='<DVTSigningCertificate: 0x7fca1e5d52a0; name='iPhone Distribution: Mianyang Bona Technology Co., Ltd. (7V7M5G5786)', hash='8D85E3F4A945BEA4E7D5448EC8C3DA8F6108B84C', serialNumber='4432D86195BAA1E1', certificateKinds='(
    "1.2.840.113635.100.6.1.4"
), issueDate='2020-07-09 12:09:33 +0000''>', entitlements='(null)', teamID='7V7M5G5786', identifier='com.apple.dt.runtime.swiftCore', executablePath='<DVTFilePath:0x7fc9fb1ce670:'/Users/apple/Library/Developer/Xcode/Archives/2020-07-09/bourse 2020-7-9, 9.35 PM.xcarchive/Products/Applications/bourse.app/Frameworks/libswiftCore.dylib'>', hardenedRuntime='0'>'>: {
}
2020-07-10 03:06:45 +0000  Writing entitlements for <IDEDistributionItem: 0x7fc9f5006fd0; bundleID='com.apple.dt.runtime.swiftCore', path='<DVTFilePath:0x7fc9fb1ce670:'/Users/apple/Library/Developer/Xcode/Archives/2020-07-09/bourse 2020-7-9, 9.35 PM.xcarchive/Products/Applications/bourse.app/Frameworks/libswiftCore.dylib'>', codeSigningInfo='<_DVTCodeSigningInformation_Path: 0x7fc9f8c4d420; isSigned='1', isAdHocSigned='0', signingCertificate='<DVTSigningCertificate: 0x7fc9fb206b80; name='iPhone Distribution: Mianyang Bona Technology Co., Ltd. (7V7M5G5786)', hash='8D85E3F4A945BEA4E7D5448EC8C3DA8F6108B84C', serialNumber='4432D86195BAA1E1', certificateKinds='(
    "1.2.840.113635.100.6.1.4"
), issueDate='2020-07-09 12:09:33 +0000''>', entitlements='(null)', teamID='7V7M5G5786', identifier='com.apple.dt.runtime.swiftCore', executablePath='<DVTFilePath:0x7fc9fb1ce670:'/Users/apple/Library/Developer/Xcode/Archives/2020-07-09/bourse 2020-7-9, 9.35 PM.xcarchive/Products/Applications/bourse.app/Frameworks/libswiftCore.dylib'>', hardenedRuntime='0'>'> to: /var/folders/39/59yr6m3959jgry20f7sn9whw0000gn/T/XcodeDistPipeline.~~~xjC5Bj/entitlements~~~ZMphTB
2020-07-10 03:06:45 +0000  Running /usr/bin/codesign '-vvv' '--force' '--sign' '8D85E3F4A945BEA4E7D5448EC8C3DA8F6108B84C' '--entitlements' '/var/folders/39/59yr6m3959jgry20f7sn9whw0000gn/T/XcodeDistPipeline.~~~xjC5Bj/entitlements~~~ZMphTB' '--preserve-metadata=identifier,flags,runtime' '/var/folders/39/59yr6m3959jgry20f7sn9whw0000gn/T/XcodeDistPipeline.~~~xjC5Bj/Root/Payload/bourse.app/Frameworks/libswiftCore.dylib'
2020-07-10 03:06:45 +0000  /var/folders/39/59yr6m3959jgry20f7sn9whw0000gn/T/XcodeDistPipeline.~~~xjC5Bj/Root/Payload/bourse.app/Frameworks/libswiftCore.dylib: signed Mach-O universal (armv7 armv7s arm64) [com.apple.dt.runtime.swiftCore]
2020-07-10 03:06:45 +0000  /usr/bin/codesign exited with 0
2020-07-10 03:06:45 +0000  Entitlements for <IDEDistributionItem: 0x7fc9f8c52060; bundleID='com.bona2.bourse0709', path='<DVTFilePath:0x7fca1d09fd90:'/Users/apple/Library/Developer/Xcode/Archives/2020-07-09/bourse 2020-7-9, 9.35 PM.xcarchive/Products/Applications/bourse.app'>', codeSigningInfo='<_DVTCodeSigningInformation_Path: 0x7fc9fb18fba0; isSigned='1', isAdHocSigned='0', signingCertificate='<DVTSigningCertificate: 0x7fc9fa89ff70; name='iPhone Distribution: Mianyang Bona Technology Co., Ltd. (7V7M5G5786)', hash='8D85E3F4A945BEA4E7D5448EC8C3DA8F6108B84C', serialNumber='4432D86195BAA1E1', certificateKinds='(
    "1.2.840.113635.100.6.1.4"
), issueDate='2020-07-09 12:09:33 +0000''>', entitlements='{
    "application-identifier" = "7V7M5G5786.com.bona2.bourse0709";
    "beta-reports-active" = 1;
    "com.apple.developer.team-identifier" = 7V7M5G5786;
    "get-task-allow" = 0;
    "keychain-access-groups" =     (
        "7V7M5G5786.com.bona2.bourse0709"
    );
}', teamID='7V7M5G5786', identifier='com.bona2.bourse0709', executablePath='<DVTFilePath:0x7fca1be92860:'/Users/apple/Library/Developer/Xcode/Archives/2020-07-09/bourse 2020-7-9, 9.35 PM.xcarchive/Products/Applications/bourse.app/bourse'>', hardenedRuntime='0'>'>: {
    "application-identifier" = "7V7M5G5786.com.bona2.bourse0709";
    "beta-reports-active" = 1;
    "com.apple.developer.team-identifier" = 7V7M5G5786;
    "get-task-allow" = 0;
    "keychain-access-groups" =     (
        "7V7M5G5786.com.bona2.bourse0709"
    );
}
2020-07-10 03:06:45 +0000  Writing entitlements for <IDEDistributionItem: 0x7fc9f8c52060; bundleID='com.bona2.bourse0709', path='<DVTFilePath:0x7fca1d09fd90:'/Users/apple/Library/Developer/Xcode/Archives/2020-07-09/bourse 2020-7-9, 9.35 PM.xcarchive/Products/Applications/bourse.app'>', codeSigningInfo='<_DVTCodeSigningInformation_Path: 0x7fc9fb18fba0; isSigned='1', isAdHocSigned='0', signingCertificate='<DVTSigningCertificate: 0x7fca1ec4dab0; name='iPhone Distribution: Mianyang Bona Technology Co., Ltd. (7V7M5G5786)', hash='8D85E3F4A945BEA4E7D5448EC8C3DA8F6108B84C', serialNumber='4432D86195BAA1E1', certificateKinds='(
    "1.2.840.113635.100.6.1.4"
), issueDate='2020-07-09 12:09:33 +0000''>', entitlements='{
    "application-identifier" = "7V7M5G5786.com.bona2.bourse0709";
    "beta-reports-active" = 1;
    "com.apple.developer.team-identifier" = 7V7M5G5786;
    "get-task-allow" = 0;
    "keychain-access-groups" =     (
        "7V7M5G5786.com.bona2.bourse0709"
    );
}', teamID='7V7M5G5786', identifier='com.bona2.bourse0709', executablePath='<DVTFilePath:0x7fca1be92860:'/Users/apple/Library/Developer/Xcode/Archives/2020-07-09/bourse 2020-7-9, 9.35 PM.xcarchive/Products/Applications/bourse.app/bourse'>', hardenedRuntime='0'>'> to: /var/folders/39/59yr6m3959jgry20f7sn9whw0000gn/T/XcodeDistPipeline.~~~xjC5Bj/entitlements~~~9XQ7uh
2020-07-10 03:06:45 +0000  Running /usr/bin/codesign '-vvv' '--force' '--sign' '8D85E3F4A945BEA4E7D5448EC8C3DA8F6108B84C' '--entitlements' '/var/folders/39/59yr6m3959jgry20f7sn9whw0000gn/T/XcodeDistPipeline.~~~xjC5Bj/entitlements~~~9XQ7uh' '--preserve-metadata=identifier,flags,runtime' '/var/folders/39/59yr6m3959jgry20f7sn9whw0000gn/T/XcodeDistPipeline.~~~xjC5Bj/Root/Payload/bourse.app'
2020-07-10 03:06:46 +0000  /var/folders/39/59yr6m3959jgry20f7sn9whw0000gn/T/XcodeDistPipeline.~~~xjC5Bj/Root/Payload/bourse.app: signed app bundle with Mach-O universal (armv7 arm64) [com.bona2.bourse0709]
2020-07-10 03:06:46 +0000  /usr/bin/codesign exited with 0
2020-07-10 03:06:46 +0000  Processing step: IDEDistributionZipODRItemStep
2020-07-10 03:06:46 +0000  Skipping step: IDEDistributionZipODRItemStep because it said so
2020-07-10 03:06:46 +0000  Skipping step: IDEDistributionZipODRItemStep because it said so
2020-07-10 03:06:46 +0000  Processing step: IDEDistributionCreateIPAStep
2020-07-10 03:06:46 +0000  Running /usr/bin/rsync '-8aPhhE' '/var/folders/39/59yr6m3959jgry20f7sn9whw0000gn/T/XcodeDistPipeline.~~~xjC5Bj/Symbols' '--link-dest' '/var/folders/39/59yr6m3959jgry20f7sn9whw0000gn/T/XcodeDistPipeline.~~~xjC5Bj' '/var/folders/39/59yr6m3959jgry20f7sn9whw0000gn/T/XcodeDistPipeline.~~~xjC5Bj/Root'
2020-07-10 03:06:46 +0000  building file list ... 
2020-07-10 03:06:46 +0000   0 files...2020-07-10 03:06:46 +0000  3 files to consider
2020-07-10 03:06:46 +0000  Symbols/
2020-07-10 03:06:46 +0000  
2020-07-10 03:06:46 +0000  sent 198 bytes  received 26 bytes  448.00 bytes/sec
total size is 20.96M  speedup is 98122.18
2020-07-10 03:06:46 +0000  /usr/bin/rsync exited with 0
2020-07-10 03:06:46 +0000  Running /usr/bin/ditto '-V' '-c' '-k' '--norsrc' '/var/folders/39/59yr6m3959jgry20f7sn9whw0000gn/T/XcodeDistPipeline.~~~xjC5Bj/Root' '/var/folders/39/59yr6m3959jgry20f7sn9whw0000gn/T/XcodeDistPipeline.~~~xjC5Bj/Packages/bourse.ipa'
2020-07-10 03:06:46 +0000  >>> Copying /var/folders/39/59yr6m3959jgry20f7sn9whw0000gn/T/XcodeDistPipeline.~~~xjC5Bj/Root 
2020-07-10 03:06:46 +0000  copying file ./Payload/bourse.app/_CodeSignature/CodeResources ... 
2020-07-10 03:06:46 +0000  72451 bytes for ./Payload/bourse.app/_CodeSignature/CodeResources
2020-07-10 03:06:46 +0000  copying file ./Payload/bourse.app/Fontisto.ttf ... 
2020-07-10 03:06:46 +0000  313528 bytes for ./Payload/bourse.app/Fontisto.ttf
2020-07-10 03:06:46 +0000  copying file ./Payload/bourse.app/Octicons.ttf ... 
2020-07-10 03:06:46 +0000  28364 bytes for ./Payload/bourse.app/Octicons.ttf
2020-07-10 03:06:46 +0000  copying file ./Payload/bourse.app/Feather.ttf ... 
2020-07-10 03:06:46 +0000  58272 bytes for ./Payload/bourse.app/Feather.ttf
2020-07-10 03:06:46 +0000  copying file ./Payload/bourse.app/AppIcon20x20@2x.png ... 
2020-07-10 03:06:46 +0000  3823 bytes for ./Payload/bourse.app/AppIcon20x20@2x.png
copying file ./Payload/bourse.app/bourse ... 
2020-07-10 03:06:46 +0000  6398560 bytes for ./Payload/bourse.app/bourse
2020-07-10 03:06:46 +0000  copying file ./Payload/bourse.app/Entypo.ttf ... 
2020-07-10 03:06:46 +0000  65584 bytes for ./Payload/bourse.app/Entypo.ttf
2020-07-10 03:06:46 +0000  copying file ./Payload/bourse.app/AppIcon20x20@3x.png ... 
2020-07-10 03:06:46 +0000  6941 bytes for ./Payload/bourse.app/AppIcon20x20@3x.png
copying file ./Payload/bourse.app/FontAwesome5_Brands.ttf ... 
2020-07-10 03:06:46 +0000  125016 bytes for ./Payload/bourse.app/FontAwesome5_Brands.ttf
2020-07-10 03:06:46 +0000  copying file ./Payload/bourse.app/MaterialCommunityIcons.ttf ... 
2020-07-10 03:06:46 +0000  546548 bytes for ./Payload/bourse.app/MaterialCommunityIcons.ttf
2020-07-10 03:06:46 +0000  copying file ./Payload/bourse.app/AppIcon60x60@2x.png ... 
2020-07-10 03:06:46 +0000  24271 bytes for ./Payload/bourse.app/AppIcon60x60@2x.png
2020-07-10 03:06:46 +0000  copying file ./Payload/bourse.app/AppIcon29x29@2x.png ... 
2020-07-10 03:06:46 +0000  6530 bytes for ./Payload/bourse.app/AppIcon29x29@2x.png
copying file ./Payload/bourse.app/AntDesign.ttf ... 
2020-07-10 03:06:46 +0000  70344 bytes for ./Payload/bourse.app/AntDesign.ttf
2020-07-10 03:06:46 +0000  copying file ./Payload/bourse.app/Launch Screen.storyboardc/01J-lp-oVM-view-Ze5-6b-2t3.nib/objects-11.0+.nib ... 
2020-07-10 03:06:46 +0000  3914 bytes for ./Payload/bourse.app/Launch Screen.storyboardc/01J-lp-oVM-view-Ze5-6b-2t3.nib/objects-11.0+.nib
2020-07-10 03:06:46 +0000  copying file ./Payload/bourse.app/Launch Screen.storyboardc/01J-lp-oVM-view-Ze5-6b-2t3.nib/runtime.nib ... 
2020-07-10 03:06:46 +0000  4049 bytes for ./Payload/bourse.app/Launch Screen.storyboardc/01J-lp-oVM-view-Ze5-6b-2t3.nib/runtime.nib
copying file ./Payload/bourse.app/Launch Screen.storyboardc/UIViewController-01J-lp-oVM.nib/objects-11.0+.nib ... 
2020-07-10 03:06:46 +0000  896 bytes for ./Payload/bourse.app/Launch Screen.storyboardc/UIViewController-01J-lp-oVM.nib/objects-11.0+.nib
2020-07-10 03:06:46 +0000  copying file ./Payload/bourse.app/Launch Screen.storyboardc/UIViewController-01J-lp-oVM.nib/runtime.nib ... 
2020-07-10 03:06:46 +0000  896 bytes for ./Payload/bourse.app/Launch Screen.storyboardc/UIViewController-01J-lp-oVM.nib/runtime.nib
copying file ./Payload/bourse.app/Launch Screen.storyboardc/Info.plist ... 
2020-07-10 03:06:46 +0000  258 bytes for ./Payload/bourse.app/Launch Screen.storyboardc/Info.plist
copying file ./Payload/bourse.app/AppIcon40x40@3x.png ... 
2020-07-10 03:06:46 +0000  24271 bytes for ./Payload/bourse.app/AppIcon40x40@3x.png
2020-07-10 03:06:46 +0000  copying file ./Payload/bourse.app/Foundation.ttf ... 
2020-07-10 03:06:46 +0000  56976 bytes for ./Payload/bourse.app/Foundation.ttf
2020-07-10 03:06:46 +0000  copying file ./Payload/bourse.app/Ionicons.ttf ... 
2020-07-10 03:06:46 +0000  112472 bytes for ./Payload/bourse.app/Ionicons.ttf
2020-07-10 03:06:46 +0000  copying file ./Payload/bourse.app/FontAwesome5_Solid.ttf ... 
2020-07-10 03:06:46 +0000  186228 bytes for ./Payload/bourse.app/FontAwesome5_Solid.ttf
2020-07-10 03:06:46 +0000  copying file ./Payload/bourse.app/AppIcon40x40@2x.png ... 
2020-07-10 03:06:46 +0000  11471 bytes for ./Payload/bourse.app/AppIcon40x40@2x.png
2020-07-10 03:06:46 +0000  copying file ./Payload/bourse.app/FontAwesome5_Regular.ttf ... 
2020-07-10 03:06:46 +0000  34092 bytes for ./Payload/bourse.app/FontAwesome5_Regular.ttf
2020-07-10 03:06:46 +0000  copying file ./Payload/bourse.app/AppIcon29x29@3x.png ... 
2020-07-10 03:06:46 +0000  13133 bytes for ./Payload/bourse.app/AppIcon29x29@3x.png
2020-07-10 03:06:46 +0000  copying file ./Payload/bourse.app/AppIcon60x60@3x.png ... 
2020-07-10 03:06:46 +0000  53421 bytes for ./Payload/bourse.app/AppIcon60x60@3x.png
2020-07-10 03:06:46 +0000  copying file ./Payload/bourse.app/Base.lproj/LaunchScreen.nib ... 
2020-07-10 03:06:46 +0000  3140 bytes for ./Payload/bourse.app/Base.lproj/LaunchScreen.nib
copying file ./Payload/bourse.app/FontAwesome.ttf ... 
2020-07-10 03:06:46 +0000  165548 bytes for ./Payload/bourse.app/FontAwesome.ttf
2020-07-10 03:06:46 +0000  copying file ./Payload/bourse.app/Zocial.ttf ... 
2020-07-10 03:06:46 +0000  25552 bytes for ./Payload/bourse.app/Zocial.ttf
2020-07-10 03:06:46 +0000  copying file ./Payload/bourse.app/Assets.car ... 
2020-07-10 03:06:46 +0000  1815103 bytes for ./Payload/bourse.app/Assets.car
copying file ./Payload/bourse.app/EvilIcons.ttf ... 
2020-07-10 03:06:46 +0000  13456 bytes for ./Payload/bourse.app/EvilIcons.ttf
2020-07-10 03:06:46 +0000  copying file ./Payload/bourse.app/main.jsbundle ... 
2020-07-10 03:06:46 +0000  2203286 bytes for ./Payload/bourse.app/main.jsbundle
2020-07-10 03:06:46 +0000  copying file ./Payload/bourse.app/Frameworks/libswiftCore.dylib ... 
2020-07-10 03:06:47 +0000  16915056 bytes for ./Payload/bourse.app/Frameworks/libswiftCore.dylib
2020-07-10 03:06:47 +0000  copying file ./Payload/bourse.app/SimpleLineIcons.ttf ... 
2020-07-10 03:06:47 +0000  54056 bytes for ./Payload/bourse.app/SimpleLineIcons.ttf
2020-07-10 03:06:47 +0000  copying file ./Payload/bourse.app/Fonts/Fontisto.ttf ... 
2020-07-10 03:06:47 +0000  313528 bytes for ./Payload/bourse.app/Fonts/Fontisto.ttf
2020-07-10 03:06:47 +0000  copying file ./Payload/bourse.app/Fonts/Octicons.ttf ... 
2020-07-10 03:06:47 +0000  28364 bytes for ./Payload/bourse.app/Fonts/Octicons.ttf
2020-07-10 03:06:47 +0000  copying file ./Payload/bourse.app/Fonts/Feather.ttf ... 
2020-07-10 03:06:47 +0000  58272 bytes for ./Payload/bourse.app/Fonts/Feather.ttf
2020-07-10 03:06:47 +0000  copying file ./Payload/bourse.app/Fonts/Entypo.ttf ... 
2020-07-10 03:06:47 +0000  65584 bytes for ./Payload/bourse.app/Fonts/Entypo.ttf
2020-07-10 03:06:47 +0000  copying file ./Payload/bourse.app/Fonts/FontAwesome5_Brands.ttf ... 
2020-07-10 03:06:47 +0000  125016 bytes for ./Payload/bourse.app/Fonts/FontAwesome5_Brands.ttf
2020-07-10 03:06:47 +0000  copying file ./Payload/bourse.app/Fonts/MaterialCommunityIcons.ttf ... 
2020-07-10 03:06:47 +0000  546548 bytes for ./Payload/bourse.app/Fonts/MaterialCommunityIcons.ttf
2020-07-10 03:06:47 +0000  copying file ./Payload/bourse.app/Fonts/AntDesign.ttf ... 
2020-07-10 03:06:47 +0000  70344 bytes for ./Payload/bourse.app/Fonts/AntDesign.ttf
2020-07-10 03:06:47 +0000  copying file ./Payload/bourse.app/Fonts/Foundation.ttf ... 
2020-07-10 03:06:47 +0000  56976 bytes for ./Payload/bourse.app/Fonts/Foundation.ttf
copying file ./Payload/bourse.app/Fonts/Ionicons.ttf ... 
2020-07-10 03:06:47 +0000  112472 bytes for ./Payload/bourse.app/Fonts/Ionicons.ttf
2020-07-10 03:06:47 +0000  copying file ./Payload/bourse.app/Fonts/FontAwesome5_Solid.ttf ... 
2020-07-10 03:06:47 +0000  186228 bytes for ./Payload/bourse.app/Fonts/FontAwesome5_Solid.ttf
2020-07-10 03:06:47 +0000  copying file ./Payload/bourse.app/Fonts/FontAwesome5_Regular.ttf ... 
2020-07-10 03:06:47 +0000  34092 bytes for ./Payload/bourse.app/Fonts/FontAwesome5_Regular.ttf
2020-07-10 03:06:47 +0000  copying file ./Payload/bourse.app/Fonts/FontAwesome.ttf ... 
2020-07-10 03:06:47 +0000  165548 bytes for ./Payload/bourse.app/Fonts/FontAwesome.ttf
2020-07-10 03:06:47 +0000  copying file ./Payload/bourse.app/Fonts/Zocial.ttf ... 
2020-07-10 03:06:47 +0000  25552 bytes for ./Payload/bourse.app/Fonts/Zocial.ttf
2020-07-10 03:06:47 +0000  copying file ./Payload/bourse.app/Fonts/EvilIcons.ttf ... 
2020-07-10 03:06:47 +0000  13456 bytes for ./Payload/bourse.app/Fonts/EvilIcons.ttf
2020-07-10 03:06:47 +0000  copying file ./Payload/bourse.app/Fonts/SimpleLineIcons.ttf ... 
2020-07-10 03:06:47 +0000  54056 bytes for ./Payload/bourse.app/Fonts/SimpleLineIcons.ttf
2020-07-10 03:06:47 +0000  copying file ./Payload/bourse.app/Fonts/MaterialIcons.ttf ... 
2020-07-10 03:06:47 +0000  128180 bytes for ./Payload/bourse.app/Fonts/MaterialIcons.ttf
2020-07-10 03:06:47 +0000  copying file ./Payload/bourse.app/embedded.mobileprovision ... 
2020-07-10 03:06:47 +0000  7381 bytes for ./Payload/bourse.app/embedded.mobileprovision
copying file ./Payload/bourse.app/assets/app.json ... 
2020-07-10 03:06:47 +0000  49 bytes for ./Payload/bourse.app/assets/app.json
2020-07-10 03:06:47 +0000  copying file ./Payload/bourse.app/assets/images/my_code.jpg ... 
2020-07-10 03:06:47 +0000  50656 bytes for ./Payload/bourse.app/assets/images/my_code.jpg
2020-07-10 03:06:47 +0000  copying file ./Payload/bourse.app/assets/images/oil.png ... 
6150 bytes for ./Payload/bourse.app/assets/images/oil.png
2020-07-10 03:06:47 +0000  copying file ./Payload/bourse.app/assets/images/ETUSD.png ... 
2020-07-10 03:06:47 +0000  6284 bytes for ./Payload/bourse.app/assets/images/ETUSD.png
copying file ./Payload/bourse.app/assets/images/DASH.png ... 
2020-07-10 03:06:47 +0000  1156 bytes for ./Payload/bourse.app/assets/images/DASH.png
copying file ./Payload/bourse.app/assets/images/transaction_information.png ... 
2020-07-10 03:06:47 +0000  8075 bytes for ./Payload/bourse.app/assets/images/transaction_information.png
2020-07-10 03:06:47 +0000  copying file ./Payload/bourse.app/assets/images/company_dynamic.png ... 
2020-07-10 03:06:47 +0000  8924 bytes for ./Payload/bourse.app/assets/images/company_dynamic.png
copying file ./Payload/bourse.app/assets/images/ZEC.png ... 
2020-07-10 03:06:47 +0000  33835 bytes for ./Payload/bourse.app/assets/images/ZEC.png
2020-07-10 03:06:47 +0000  copying file ./Payload/bourse.app/assets/images/recharge.png ... 
1922 bytes for ./Payload/bourse.app/assets/images/recharge.png
copying file ./Payload/bourse.app/assets/images/input_password_icon.png ... 
2020-07-10 03:06:47 +0000  1838 bytes for ./Payload/bourse.app/assets/images/input_password_icon.png
copying file ./Payload/bourse.app/assets/images/simulator_inactive.png ... 
2020-07-10 03:06:47 +0000  2099 bytes for ./Payload/bourse.app/assets/images/simulator_inactive.png
2020-07-10 03:06:47 +0000  copying file ./Payload/bourse.app/assets/images/introduction_2.jpg ... 
2020-07-10 03:06:47 +0000  444512 bytes for ./Payload/bourse.app/assets/images/introduction_2.jpg
2020-07-10 03:06:47 +0000  copying file ./Payload/bourse.app/assets/images/tabbar_inactive.png ... 
2134 bytes for ./Payload/bourse.app/assets/images/tabbar_inactive.png
copying file ./Payload/bourse.app/assets/images/LTC.png ... 
2020-07-10 03:06:47 +0000  649 bytes for ./Payload/bourse.app/assets/images/LTC.png
2020-07-10 03:06:47 +0000  copying file ./Payload/bourse.app/assets/images/community_performance.png ... 
2020-07-10 03:06:47 +0000  1784 bytes for ./Payload/bourse.app/assets/images/community_performance.png
copying file ./Payload/bourse.app/assets/images/finance_inactive.png ... 
2020-07-10 03:06:47 +0000  2334 bytes for ./Payload/bourse.app/assets/images/finance_inactive.png
copying file ./Payload/bourse.app/assets/images/today_earnings.png ... 
2020-07-10 03:06:47 +0000  1559 bytes for ./Payload/bourse.app/assets/images/today_earnings.png
2020-07-10 03:06:47 +0000  copying file ./Payload/bourse.app/assets/images/yesterday_earnings.png ... 
1651 bytes for ./Payload/bourse.app/assets/images/yesterday_earnings.png
2020-07-10 03:06:47 +0000  copying file ./Payload/bourse.app/assets/images/introduction_1.jpg ... 
2020-07-10 03:06:47 +0000  480959 bytes for ./Payload/bourse.app/assets/images/introduction_1.jpg
2020-07-10 03:06:47 +0000  copying file ./Payload/bourse.app/assets/images/get_benefits.png ... 
3549 bytes for ./Payload/bourse.app/assets/images/get_benefits.png
2020-07-10 03:06:47 +0000  copying file ./Payload/bourse.app/assets/images/OMG.png ... 
2020-07-10 03:06:47 +0000  682 bytes for ./Payload/bourse.app/assets/images/OMG.png
copying file ./Payload/bourse.app/assets/images/EOS.png ... 
2020-07-10 03:06:47 +0000  708 bytes for ./Payload/bourse.app/assets/images/EOS.png
copying file ./Payload/bourse.app/assets/images/SLBT.png ... 
2020-07-10 03:06:47 +0000  663 bytes for ./Payload/bourse.app/assets/images/SLBT.png
copying file ./Payload/bourse.app/assets/images/contract_active.png ... 
2020-07-10 03:06:47 +0000  1498 bytes for ./Payload/bourse.app/assets/images/contract_active.png
2020-07-10 03:06:47 +0000  copying file ./Payload/bourse.app/assets/images/power.png ... 
2020-07-10 03:06:47 +0000  2478 bytes for ./Payload/bourse.app/assets/images/power.png
copying file ./Payload/bourse.app/assets/images/input_account_icon_1.png ... 
2020-07-10 03:06:47 +0000  2315 bytes for ./Payload/bourse.app/assets/images/input_account_icon_1.png
2020-07-10 03:06:47 +0000  copying file ./Payload/bourse.app/assets/images/usdt_to_etu.png ... 
2020-07-10 03:06:47 +0000  17119 bytes for ./Payload/bourse.app/assets/images/usdt_to_etu.png
2020-07-10 03:06:47 +0000  copying file ./Payload/bourse.app/assets/images/NEO.png ... 
2020-07-10 03:06:47 +0000  3869 bytes for ./Payload/bourse.app/assets/images/NEO.png
2020-07-10 03:06:47 +0000  copying file ./Payload/bourse.app/assets/images/user_active.png ... 
2020-07-10 03:06:47 +0000  2031 bytes for ./Payload/bourse.app/assets/images/user_active.png
copying file ./Payload/bourse.app/assets/images/theme.png ... 
2020-07-10 03:06:47 +0000  2055 bytes for ./Payload/bourse.app/assets/images/theme.png
copying file ./Payload/bourse.app/assets/images/input_password_icon_1.png ... 
2020-07-10 03:06:47 +0000  1908 bytes for ./Payload/bourse.app/assets/images/input_password_icon_1.png
copying file ./Payload/bourse.app/assets/images/ETH.png ... 
2020-07-10 03:06:47 +0000  539 bytes for ./Payload/bourse.app/assets/images/ETH.png
copying file ./Payload/bourse.app/assets/images/chart.png ... 
2020-07-10 03:06:47 +0000  2008 bytes for ./Payload/bourse.app/assets/images/chart.png
2020-07-10 03:06:47 +0000  copying file ./Payload/bourse.app/assets/images/usdt_withdrawal.png ... 
2020-07-10 03:06:47 +0000  2171 bytes for ./Payload/bourse.app/assets/images/usdt_withdrawal.png
copying file ./Payload/bourse.app/assets/images/USDT.png ... 
2020-07-10 03:06:47 +0000  667 bytes for ./Payload/bourse.app/assets/images/USDT.png
copying file ./Payload/bourse.app/assets/images/frosted.jpg ... 
2020-07-10 03:06:47 +0000  19618 bytes for ./Payload/bourse.app/assets/images/frosted.jpg
2020-07-10 03:06:47 +0000  copying file ./Payload/bourse.app/assets/images/trading.png ... 
2391 bytes for ./Payload/bourse.app/assets/images/trading.png
copying file ./Payload/bourse.app/assets/images/point.png ... 
2020-07-10 03:06:47 +0000  2503 bytes for ./Payload/bourse.app/assets/images/point.png
copying file ./Payload/bourse.app/assets/images/recharge_simulator.png ... 
2020-07-10 03:06:47 +0000  2618 bytes for ./Payload/bourse.app/assets/images/recharge_simulator.png
copying file ./Payload/bourse.app/assets/images/input_account_icon.png ... 
2020-07-10 03:06:47 +0000  2224 bytes for ./Payload/bourse.app/assets/images/input_account_icon.png
copying file ./Payload/bourse.app/assets/images/usdt_recharge.png ... 
2020-07-10 03:06:47 +0000  2405 bytes for ./Payload/bourse.app/assets/images/usdt_recharge.png
copying file ./Payload/bourse.app/assets/images/finance_active.png ... 
2020-07-10 03:06:47 +0000  2346 bytes for ./Payload/bourse.app/assets/images/finance_active.png
copying file ./Payload/bourse.app/assets/images/user_inactive.png ... 
2020-07-10 03:06:47 +0000  2054 bytes for ./Payload/bourse.app/assets/images/user_inactive.png
copying file ./Payload/bourse.app/assets/images/point_to_etusd.png ... 
2020-07-10 03:06:47 +0000  17394 bytes for ./Payload/bourse.app/assets/images/point_to_etusd.png
2020-07-10 03:06:47 +0000  copying file ./Payload/bourse.app/assets/images/header.png ... 
2020-07-10 03:06:47 +0000  19940 bytes for ./Payload/bourse.app/assets/images/header.png
2020-07-10 03:06:47 +0000  copying file ./Payload/bourse.app/assets/images/logo.png ... 
2020-07-10 03:06:47 +0000  62631 bytes for ./Payload/bourse.app/assets/images/logo.png
2020-07-10 03:06:47 +0000  copying file ./Payload/bourse.app/assets/images/logo2.png ... 
2020-07-10 03:06:47 +0000  49530 bytes for ./Payload/bourse.app/assets/images/logo2.png
2020-07-10 03:06:47 +0000  copying file ./Payload/bourse.app/assets/images/XMR.png ... 
5293 bytes for ./Payload/bourse.app/assets/images/XMR.png
2020-07-10 03:06:47 +0000  copying file ./Payload/bourse.app/assets/images/qr_code.png ... 
2020-07-10 03:06:47 +0000  2351 bytes for ./Payload/bourse.app/assets/images/qr_code.png
copying file ./Payload/bourse.app/assets/images/contract_inactive.png ... 
2020-07-10 03:06:47 +0000  1490 bytes for ./Payload/bourse.app/assets/images/contract_inactive.png
2020-07-10 03:06:47 +0000  copying file ./Payload/bourse.app/assets/images/invest_etu.png ... 
2020-07-10 03:06:47 +0000  3102 bytes for ./Payload/bourse.app/assets/images/invest_etu.png
copying file ./Payload/bourse.app/assets/images/index3.png ... 
2020-07-10 03:06:47 +0000  1937 bytes for ./Payload/bourse.app/assets/images/index3.png
copying file ./Payload/bourse.app/assets/images/seal.jpg ... 
2020-07-10 03:06:47 +0000  10755 bytes for ./Payload/bourse.app/assets/images/seal.jpg
2020-07-10 03:06:47 +0000  copying file ./Payload/bourse.app/assets/images/btc.png ... 
2020-07-10 03:06:47 +0000  7882 bytes for ./Payload/bourse.app/assets/images/btc.png
copying file ./Payload/bourse.app/assets/images/point_to_usdt.png ... 
2020-07-10 03:06:47 +0000  9585 bytes for ./Payload/bourse.app/assets/images/point_to_usdt.png
2020-07-10 03:06:47 +0000  copying file ./Payload/bourse.app/assets/images/index2.png ... 
1962 bytes for ./Payload/bourse.app/assets/images/index2.png
2020-07-10 03:06:47 +0000  copying file ./Payload/bourse.app/assets/images/community_level.png ... 
2020-07-10 03:06:47 +0000  2326 bytes for ./Payload/bourse.app/assets/images/community_level.png
copying file ./Payload/bourse.app/assets/images/tabbar_active.png ... 
2020-07-10 03:06:47 +0000  3258 bytes for ./Payload/bourse.app/assets/images/tabbar_active.png
2020-07-10 03:06:47 +0000  copying file ./Payload/bourse.app/assets/images/etu_notice.png ... 
2020-07-10 03:06:47 +0000  7881 bytes for ./Payload/bourse.app/assets/images/etu_notice.png
copying file ./Payload/bourse.app/assets/images/notice.png ... 
2020-07-10 03:06:47 +0000  1875 bytes for ./Payload/bourse.app/assets/images/notice.png
copying file ./Payload/bourse.app/assets/images/float_action.png ... 
2020-07-10 03:06:47 +0000  7649 bytes for ./Payload/bourse.app/assets/images/float_action.png
2020-07-10 03:06:47 +0000  copying file ./Payload/bourse.app/assets/images/index1.png ... 
2020-07-10 03:06:47 +0000  2058 bytes for ./Payload/bourse.app/assets/images/index1.png
copying file ./Payload/bourse.app/assets/images/all_earnings.png ... 
3451 bytes for ./Payload/bourse.app/assets/images/all_earnings.png
copying file ./Payload/bourse.app/assets/images/simulator_active.png ... 
2020-07-10 03:06:47 +0000  2145 bytes for ./Payload/bourse.app/assets/images/simulator_active.png
copying file ./Payload/bourse.app/assets/images/withdrawal_simulator.png ... 
2020-07-10 03:06:47 +0000  2441 bytes for ./Payload/bourse.app/assets/images/withdrawal_simulator.png
copying file ./Payload/bourse.app/assets/images/ctc_inactive.png ... 
2020-07-10 03:06:47 +0000  2713 bytes for ./Payload/bourse.app/assets/images/ctc_inactive.png
2020-07-10 03:06:47 +0000  copying file ./Payload/bourse.app/assets/images/XRP.png ... 
2020-07-10 03:06:47 +0000  737 bytes for ./Payload/bourse.app/assets/images/XRP.png
copying file ./Payload/bourse.app/assets/images/ctc_active.png ... 
2020-07-10 03:06:47 +0000  2899 bytes for ./Payload/bourse.app/assets/images/ctc_active.png
copying file ./Payload/bourse.app/assets/images/gold.png ... 
2020-07-10 03:06:47 +0000  6357 bytes for ./Payload/bourse.app/assets/images/gold.png
copying file ./Payload/bourse.app/assets/images/signature.jpg ... 
2020-07-10 03:06:47 +0000  7197 bytes for ./Payload/bourse.app/assets/images/signature.jpg
2020-07-10 03:06:47 +0000  copying file ./Payload/bourse.app/assets/images/etu_dynamic.png ... 
2020-07-10 03:06:47 +0000  7654 bytes for ./Payload/bourse.app/assets/images/etu_dynamic.png
2020-07-10 03:06:47 +0000  copying file ./Payload/bourse.app/assets/node_modules/css-tree/dist/default-syntax.json ... 
2020-07-10 03:06:47 +0000  57784 bytes for ./Payload/bourse.app/assets/node_modules/css-tree/dist/default-syntax.json
2020-07-10 03:06:47 +0000  copying file ./Payload/bourse.app/assets/node_modules/dom-serializer/foreignNames.json ... 
2020-07-10 03:06:47 +0000  3149 bytes for ./Payload/bourse.app/assets/node_modules/dom-serializer/foreignNames.json
2020-07-10 03:06:47 +0000  copying file ./Payload/bourse.app/assets/node_modules/@react-navigation/stack/src/views/assets/back-icon@3x.png ... 
2020-07-10 03:06:47 +0000  761 bytes for ./Payload/bourse.app/assets/node_modules/@react-navigation/stack/src/views/assets/back-icon@3x.png
2020-07-10 03:06:47 +0000  copying file ./Payload/bourse.app/assets/node_modules/@react-navigation/stack/src/views/assets/back-icon@2x.png ... 
2020-07-10 03:06:47 +0000  405 bytes for ./Payload/bourse.app/assets/node_modules/@react-navigation/stack/src/views/assets/back-icon@2x.png
copying file ./Payload/bourse.app/assets/node_modules/@react-navigation/stack/src/views/assets/back-icon.png ... 
2020-07-10 03:06:47 +0000  290 bytes for ./Payload/bourse.app/assets/node_modules/@react-navigation/stack/src/views/assets/back-icon.png
copying file ./Payload/bourse.app/assets/node_modules/@react-navigation/stack/src/views/assets/back-icon-mask.png ... 
2020-07-10 03:06:47 +0000  913 bytes for ./Payload/bourse.app/assets/node_modules/@react-navigation/stack/src/views/assets/back-icon-mask.png
2020-07-10 03:06:47 +0000  copying file ./Payload/bourse.app/assets/node_modules/css-select/lib/procedure.json ... 
2020-07-10 03:06:47 +0000  145 bytes for ./Payload/bourse.app/assets/node_modules/css-select/lib/procedure.json
copying file ./Payload/bourse.app/assets/node_modules/react-native-vector-icons/glyphmaps/FontAwesome.json ... 
2020-07-10 03:06:47 +0000  17437 bytes for ./Payload/bourse.app/assets/node_modules/react-native-vector-icons/glyphmaps/FontAwesome.json
2020-07-10 03:06:47 +0000  copying file ./Payload/bourse.app/assets/node_modules/entities/lib/maps/xml.json ... 
2020-07-10 03:06:47 +0000  64 bytes for ./Payload/bourse.app/assets/node_modules/entities/lib/maps/xml.json
copying file ./Payload/bourse.app/assets/node_modules/entities/lib/maps/decode.json ... 
2020-07-10 03:06:47 +0000  356 bytes for ./Payload/bourse.app/assets/node_modules/entities/lib/maps/decode.json
copying file ./Payload/bourse.app/assets/node_modules/entities/lib/maps/entities.json ... 
2020-07-10 03:06:47 +0000  44868 bytes for ./Payload/bourse.app/assets/node_modules/entities/lib/maps/entities.json
copying file ./Payload/bourse.app/assets/node_modules/entities/lib/maps/legacy.json ... 
1961 bytes for ./Payload/bourse.app/assets/node_modules/entities/lib/maps/legacy.json
copying file ./Payload/bourse.app/Info.plist ... 
1934 bytes for ./Payload/bourse.app/Info.plist
copying file ./Payload/bourse.app/PkgInfo ... 
8 bytes for ./Payload/bourse.app/PkgInfo
2020-07-10 03:06:47 +0000  copying file ./Payload/bourse.app/bundles/main.jsbundle ... 
2020-07-10 03:06:47 +0000  2203286 bytes for ./Payload/bourse.app/bundles/main.jsbundle
2020-07-10 03:06:47 +0000  copying file ./Payload/bourse.app/bundles/assets/app.json ... 
49 bytes for ./Payload/bourse.app/bundles/assets/app.json
copying file ./Payload/bourse.app/bundles/assets/images/my_code.jpg ... 
2020-07-10 03:06:47 +0000  50656 bytes for ./Payload/bourse.app/bundles/assets/images/my_code.jpg
2020-07-10 03:06:47 +0000  copying file ./Payload/bourse.app/bundles/assets/images/oil.png ... 
2020-07-10 03:06:47 +0000  6150 bytes for ./Payload/bourse.app/bundles/assets/images/oil.png
2020-07-10 03:06:47 +0000  copying file ./Payload/bourse.app/bundles/assets/images/ETUSD.png ... 
2020-07-10 03:06:47 +0000  6284 bytes for ./Payload/bourse.app/bundles/assets/images/ETUSD.png
2020-07-10 03:06:47 +0000  copying file ./Payload/bourse.app/bundles/assets/images/DASH.png ... 
2020-07-10 03:06:47 +0000  1156 bytes for ./Payload/bourse.app/bundles/assets/images/DASH.png
copying file ./Payload/bourse.app/bundles/assets/images/transaction_information.png ... 
2020-07-10 03:06:47 +0000  8075 bytes for ./Payload/bourse.app/bundles/assets/images/transaction_information.png
2020-07-10 03:06:47 +0000  copying file ./Payload/bourse.app/bundles/assets/images/company_dynamic.png ... 
2020-07-10 03:06:47 +0000  8924 bytes for ./Payload/bourse.app/bundles/assets/images/company_dynamic.png
copying file ./Payload/bourse.app/bundles/assets/images/ZEC.png ... 
2020-07-10 03:06:47 +0000  33835 bytes for ./Payload/bourse.app/bundles/assets/images/ZEC.png
2020-07-10 03:06:47 +0000  copying file ./Payload/bourse.app/bundles/assets/images/recharge.png ... 
1922 bytes for ./Payload/bourse.app/bundles/assets/images/recharge.png
2020-07-10 03:06:47 +0000  copying file ./Payload/bourse.app/bundles/assets/images/input_password_icon.png ... 
2020-07-10 03:06:47 +0000  1838 bytes for ./Payload/bourse.app/bundles/assets/images/input_password_icon.png
2020-07-10 03:06:47 +0000  copying file ./Payload/bourse.app/bundles/assets/images/simulator_inactive.png ... 
2099 bytes for ./Payload/bourse.app/bundles/assets/images/simulator_inactive.png
2020-07-10 03:06:47 +0000  copying file ./Payload/bourse.app/bundles/assets/images/introduction_2.jpg ... 
2020-07-10 03:06:47 +0000  444512 bytes for ./Payload/bourse.app/bundles/assets/images/introduction_2.jpg
2020-07-10 03:06:47 +0000  copying file ./Payload/bourse.app/bundles/assets/images/tabbar_inactive.png ... 
2134 bytes for ./Payload/bourse.app/bundles/assets/images/tabbar_inactive.png
copying file ./Payload/bourse.app/bundles/assets/images/LTC.png ... 
2020-07-10 03:06:47 +0000  649 bytes for ./Payload/bourse.app/bundles/assets/images/LTC.png
copying file ./Payload/bourse.app/bundles/assets/images/community_performance.png ... 
2020-07-10 03:06:47 +0000  1784 bytes for ./Payload/bourse.app/bundles/assets/images/community_performance.png
copying file ./Payload/bourse.app/bundles/assets/images/finance_inactive.png ... 
2020-07-10 03:06:47 +0000  2334 bytes for ./Payload/bourse.app/bundles/assets/images/finance_inactive.png
2020-07-10 03:06:47 +0000  copying file ./Payload/bourse.app/bundles/assets/images/today_earnings.png ... 
1559 bytes for ./Payload/bourse.app/bundles/assets/images/today_earnings.png
2020-07-10 03:06:47 +0000  copying file ./Payload/bourse.app/bundles/assets/images/yesterday_earnings.png ... 
2020-07-10 03:06:47 +0000  1651 bytes for ./Payload/bourse.app/bundles/assets/images/yesterday_earnings.png
copying file ./Payload/bourse.app/bundles/assets/images/introduction_1.jpg ... 
2020-07-10 03:06:47 +0000  480959 bytes for ./Payload/bourse.app/bundles/assets/images/introduction_1.jpg
2020-07-10 03:06:47 +0000  copying file ./Payload/bourse.app/bundles/assets/images/get_benefits.png ... 
3549 bytes for ./Payload/bourse.app/bundles/assets/images/get_benefits.png
2020-07-10 03:06:47 +0000  copying file ./Payload/bourse.app/bundles/assets/images/OMG.png ... 
2020-07-10 03:06:47 +0000  682 bytes for ./Payload/bourse.app/bundles/assets/images/OMG.png
copying file ./Payload/bourse.app/bundles/assets/images/EOS.png ... 
2020-07-10 03:06:47 +0000  708 bytes for ./Payload/bourse.app/bundles/assets/images/EOS.png
copying file ./Payload/bourse.app/bundles/assets/images/SLBT.png ... 
2020-07-10 03:06:47 +0000  663 bytes for ./Payload/bourse.app/bundles/assets/images/SLBT.png
copying file ./Payload/bourse.app/bundles/assets/images/contract_active.png ... 
2020-07-10 03:06:47 +0000  1498 bytes for ./Payload/bourse.app/bundles/assets/images/contract_active.png
2020-07-10 03:06:47 +0000  copying file ./Payload/bourse.app/bundles/assets/images/power.png ... 
2020-07-10 03:06:47 +0000  2478 bytes for ./Payload/bourse.app/bundles/assets/images/power.png
2020-07-10 03:06:47 +0000  copying file ./Payload/bourse.app/bundles/assets/images/input_account_icon_1.png ... 
2020-07-10 03:06:47 +0000  2315 bytes for ./Payload/bourse.app/bundles/assets/images/input_account_icon_1.png
copying file ./Payload/bourse.app/bundles/assets/images/usdt_to_etu.png ... 
2020-07-10 03:06:47 +0000  17119 bytes for ./Payload/bourse.app/bundles/assets/images/usdt_to_etu.png
2020-07-10 03:06:47 +0000  copying file ./Payload/bourse.app/bundles/assets/images/NEO.png ... 
2020-07-10 03:06:47 +0000  3869 bytes for ./Payload/bourse.app/bundles/assets/images/NEO.png
copying file ./Payload/bourse.app/bundles/assets/images/user_active.png ... 
2020-07-10 03:06:47 +0000  2031 bytes for ./Payload/bourse.app/bundles/assets/images/user_active.png
2020-07-10 03:06:47 +0000  copying file ./Payload/bourse.app/bundles/assets/images/theme.png ... 
2020-07-10 03:06:47 +0000  2055 bytes for ./Payload/bourse.app/bundles/assets/images/theme.png
2020-07-10 03:06:47 +0000  copying file ./Payload/bourse.app/bundles/assets/images/input_password_icon_1.png ... 
2020-07-10 03:06:47 +0000  1908 bytes for ./Payload/bourse.app/bundles/assets/images/input_password_icon_1.png
2020-07-10 03:06:47 +0000  copying file ./Payload/bourse.app/bundles/assets/images/ETH.png ... 
2020-07-10 03:06:47 +0000  539 bytes for ./Payload/bourse.app/bundles/assets/images/ETH.png
copying file ./Payload/bourse.app/bundles/assets/images/chart.png ... 
2020-07-10 03:06:47 +0000  2008 bytes for ./Payload/bourse.app/bundles/assets/images/chart.png
copying file ./Payload/bourse.app/bundles/assets/images/usdt_withdrawal.png ... 
2020-07-10 03:06:47 +0000  2171 bytes for ./Payload/bourse.app/bundles/assets/images/usdt_withdrawal.png
copying file ./Payload/bourse.app/bundles/assets/images/USDT.png ... 
2020-07-10 03:06:47 +0000  667 bytes for ./Payload/bourse.app/bundles/assets/images/USDT.png
copying file ./Payload/bourse.app/bundles/assets/images/frosted.jpg ... 
2020-07-10 03:06:47 +0000  19618 bytes for ./Payload/bourse.app/bundles/assets/images/frosted.jpg
copying file ./Payload/bourse.app/bundles/assets/images/trading.png ... 
2020-07-10 03:06:47 +0000  2391 bytes for ./Payload/bourse.app/bundles/assets/images/trading.png
2020-07-10 03:06:47 +0000  copying file ./Payload/bourse.app/bundles/assets/images/point.png ... 
2020-07-10 03:06:47 +0000  2503 bytes for ./Payload/bourse.app/bundles/assets/images/point.png
copying file ./Payload/bourse.app/bundles/assets/images/recharge_simulator.png ... 
2020-07-10 03:06:47 +0000  2618 bytes for ./Payload/bourse.app/bundles/assets/images/recharge_simulator.png
copying file ./Payload/bourse.app/bundles/assets/images/input_account_icon.png ... 
2020-07-10 03:06:47 +0000  2224 bytes for ./Payload/bourse.app/bundles/assets/images/input_account_icon.png
2020-07-10 03:06:47 +0000  copying file ./Payload/bourse.app/bundles/assets/images/usdt_recharge.png ... 
2020-07-10 03:06:47 +0000  2405 bytes for ./Payload/bourse.app/bundles/assets/images/usdt_recharge.png
copying file ./Payload/bourse.app/bundles/assets/images/finance_active.png ... 
2020-07-10 03:06:47 +0000  2346 bytes for ./Payload/bourse.app/bundles/assets/images/finance_active.png
copying file ./Payload/bourse.app/bundles/assets/images/user_inactive.png ... 
2020-07-10 03:06:47 +0000  2054 bytes for ./Payload/bourse.app/bundles/assets/images/user_inactive.png
copying file ./Payload/bourse.app/bundles/assets/images/point_to_etusd.png ... 
2020-07-10 03:06:47 +0000  17394 bytes for ./Payload/bourse.app/bundles/assets/images/point_to_etusd.png
2020-07-10 03:06:47 +0000  copying file ./Payload/bourse.app/bundles/assets/images/header.png ... 
2020-07-10 03:06:47 +0000  19940 bytes for ./Payload/bourse.app/bundles/assets/images/header.png
2020-07-10 03:06:47 +0000  copying file ./Payload/bourse.app/bundles/assets/images/logo.png ... 
2020-07-10 03:06:47 +0000  62631 bytes for ./Payload/bourse.app/bundles/assets/images/logo.png
2020-07-10 03:06:47 +0000  copying file ./Payload/bourse.app/bundles/assets/images/logo2.png ... 
2020-07-10 03:06:47 +0000  49530 bytes for ./Payload/bourse.app/bundles/assets/images/logo2.png
2020-07-10 03:06:47 +0000  copying file ./Payload/bourse.app/bundles/assets/images/XMR.png ... 
2020-07-10 03:06:47 +0000  5293 bytes for ./Payload/bourse.app/bundles/assets/images/XMR.png
copying file ./Payload/bourse.app/bundles/assets/images/qr_code.png ... 
2020-07-10 03:06:47 +0000  2351 bytes for ./Payload/bourse.app/bundles/assets/images/qr_code.png
copying file ./Payload/bourse.app/bundles/assets/images/contract_inactive.png ... 
2020-07-10 03:06:47 +0000  1490 bytes for ./Payload/bourse.app/bundles/assets/images/contract_inactive.png
copying file ./Payload/bourse.app/bundles/assets/images/invest_etu.png ... 
2020-07-10 03:06:47 +0000  3102 bytes for ./Payload/bourse.app/bundles/assets/images/invest_etu.png
copying file ./Payload/bourse.app/bundles/assets/images/index3.png ... 
2020-07-10 03:06:47 +0000  1937 bytes for ./Payload/bourse.app/bundles/assets/images/index3.png
copying file ./Payload/bourse.app/bundles/assets/images/seal.jpg ... 
2020-07-10 03:06:47 +0000  10755 bytes for ./Payload/bourse.app/bundles/assets/images/seal.jpg
2020-07-10 03:06:47 +0000  copying file ./Payload/bourse.app/bundles/assets/images/btc.png ... 
2020-07-10 03:06:47 +0000  7882 bytes for ./Payload/bourse.app/bundles/assets/images/btc.png
copying file ./Payload/bourse.app/bundles/assets/images/point_to_usdt.png ... 
2020-07-10 03:06:47 +0000  9585 bytes for ./Payload/bourse.app/bundles/assets/images/point_to_usdt.png
2020-07-10 03:06:47 +0000  copying file ./Payload/bourse.app/bundles/assets/images/index2.png ... 
1962 bytes for ./Payload/bourse.app/bundles/assets/images/index2.png
2020-07-10 03:06:47 +0000  copying file ./Payload/bourse.app/bundles/assets/images/community_level.png ... 
2326 bytes for ./Payload/bourse.app/bundles/assets/images/community_level.png
2020-07-10 03:06:47 +0000  copying file ./Payload/bourse.app/bundles/assets/images/tabbar_active.png ... 
2020-07-10 03:06:47 +0000  3258 bytes for ./Payload/bourse.app/bundles/assets/images/tabbar_active.png
copying file ./Payload/bourse.app/bundles/assets/images/etu_notice.png ... 
2020-07-10 03:06:47 +0000  7881 bytes for ./Payload/bourse.app/bundles/assets/images/etu_notice.png
copying file ./Payload/bourse.app/bundles/assets/images/notice.png ... 
2020-07-10 03:06:47 +0000  1875 bytes for ./Payload/bourse.app/bundles/assets/images/notice.png
2020-07-10 03:06:47 +0000  copying file ./Payload/bourse.app/bundles/assets/images/float_action.png ... 
2020-07-10 03:06:47 +0000  7649 bytes for ./Payload/bourse.app/bundles/assets/images/float_action.png
copying file ./Payload/bourse.app/bundles/assets/images/index1.png ... 
2020-07-10 03:06:47 +0000  2058 bytes for ./Payload/bourse.app/bundles/assets/images/index1.png
2020-07-10 03:06:47 +0000  copying file ./Payload/bourse.app/bundles/assets/images/all_earnings.png ... 
2020-07-10 03:06:47 +0000  3451 bytes for ./Payload/bourse.app/bundles/assets/images/all_earnings.png
copying file ./Payload/bourse.app/bundles/assets/images/simulator_active.png ... 
2020-07-10 03:06:47 +0000  2145 bytes for ./Payload/bourse.app/bundles/assets/images/simulator_active.png
copying file ./Payload/bourse.app/bundles/assets/images/withdrawal_simulator.png ... 
2020-07-10 03:06:47 +0000  2441 bytes for ./Payload/bourse.app/bundles/assets/images/withdrawal_simulator.png
2020-07-10 03:06:47 +0000  copying file ./Payload/bourse.app/bundles/assets/images/ctc_inactive.png ... 
2713 bytes for ./Payload/bourse.app/bundles/assets/images/ctc_inactive.png
2020-07-10 03:06:47 +0000  copying file ./Payload/bourse.app/bundles/assets/images/XRP.png ... 
737 bytes for ./Payload/bourse.app/bundles/assets/images/XRP.png
2020-07-10 03:06:47 +0000  copying file ./Payload/bourse.app/bundles/assets/images/ctc_active.png ... 
2020-07-10 03:06:47 +0000  2899 bytes for ./Payload/bourse.app/bundles/assets/images/ctc_active.png
copying file ./Payload/bourse.app/bundles/assets/images/gold.png ... 
2020-07-10 03:06:47 +0000  6357 bytes for ./Payload/bourse.app/bundles/assets/images/gold.png
copying file ./Payload/bourse.app/bundles/assets/images/signature.jpg ... 
2020-07-10 03:06:47 +0000  7197 bytes for ./Payload/bourse.app/bundles/assets/images/signature.jpg
2020-07-10 03:06:47 +0000  copying file ./Payload/bourse.app/bundles/assets/images/etu_dynamic.png ... 
2020-07-10 03:06:47 +0000  7654 bytes for ./Payload/bourse.app/bundles/assets/images/etu_dynamic.png
2020-07-10 03:06:47 +0000  copying file ./Payload/bourse.app/bundles/assets/node_modules/css-tree/dist/default-syntax.json ... 
2020-07-10 03:06:47 +0000  57784 bytes for ./Payload/bourse.app/bundles/assets/node_modules/css-tree/dist/default-syntax.json
2020-07-10 03:06:47 +0000  copying file ./Payload/bourse.app/bundles/assets/node_modules/dom-serializer/foreignNames.json ... 
2020-07-10 03:06:47 +0000  3149 bytes for ./Payload/bourse.app/bundles/assets/node_modules/dom-serializer/foreignNames.json
2020-07-10 03:06:47 +0000  copying file ./Payload/bourse.app/bundles/assets/node_modules/@react-navigation/stack/src/views/assets/back-icon@3x.png ... 
2020-07-10 03:06:47 +0000  761 bytes for ./Payload/bourse.app/bundles/assets/node_modules/@react-navigation/stack/src/views/assets/back-icon@3x.png
copying file ./Payload/bourse.app/bundles/assets/node_modules/@react-navigation/stack/src/views/assets/back-icon@2x.png ... 
2020-07-10 03:06:47 +0000  405 bytes for ./Payload/bourse.app/bundles/assets/node_modules/@react-navigation/stack/src/views/assets/back-icon@2x.png
copying file ./Payload/bourse.app/bundles/assets/node_modules/@react-navigation/stack/src/views/assets/back-icon.png ... 
2020-07-10 03:06:47 +0000  290 bytes for ./Payload/bourse.app/bundles/assets/node_modules/@react-navigation/stack/src/views/assets/back-icon.png
copying file ./Payload/bourse.app/bundles/assets/node_modules/@react-navigation/stack/src/views/assets/back-icon-mask.png ... 
2020-07-10 03:06:47 +0000  913 bytes for ./Payload/bourse.app/bundles/assets/node_modules/@react-navigation/stack/src/views/assets/back-icon-mask.png
2020-07-10 03:06:47 +0000  copying file ./Payload/bourse.app/bundles/assets/node_modules/css-select/lib/procedure.json ... 
2020-07-10 03:06:47 +0000  145 bytes for ./Payload/bourse.app/bundles/assets/node_modules/css-select/lib/procedure.json
copying file ./Payload/bourse.app/bundles/assets/node_modules/react-native-vector-icons/glyphmaps/FontAwesome.json ... 
2020-07-10 03:06:47 +0000  17437 bytes for ./Payload/bourse.app/bundles/assets/node_modules/react-native-vector-icons/glyphmaps/FontAwesome.json
2020-07-10 03:06:47 +0000  copying file ./Payload/bourse.app/bundles/assets/node_modules/entities/lib/maps/xml.json ... 
2020-07-10 03:06:47 +0000  64 bytes for ./Payload/bourse.app/bundles/assets/node_modules/entities/lib/maps/xml.json
copying file ./Payload/bourse.app/bundles/assets/node_modules/entities/lib/maps/decode.json ... 
2020-07-10 03:06:47 +0000  356 bytes for ./Payload/bourse.app/bundles/assets/node_modules/entities/lib/maps/decode.json
copying file ./Payload/bourse.app/bundles/assets/node_modules/entities/lib/maps/entities.json ... 
2020-07-10 03:06:47 +0000  44868 bytes for ./Payload/bourse.app/bundles/assets/node_modules/entities/lib/maps/entities.json
2020-07-10 03:06:47 +0000  copying file ./Payload/bourse.app/bundles/assets/node_modules/entities/lib/maps/legacy.json ... 
1961 bytes for ./Payload/bourse.app/bundles/assets/node_modules/entities/lib/maps/legacy.json
2020-07-10 03:06:47 +0000  copying file ./Payload/bourse.app/MaterialIcons.ttf ... 
2020-07-10 03:06:47 +0000  128180 bytes for ./Payload/bourse.app/MaterialIcons.ttf
2020-07-10 03:06:47 +0000  copying file ./SwiftSupport/iphoneos/libswiftCore.dylib ... 
2020-07-10 03:06:53 +0000  95497472 bytes for ./SwiftSupport/iphoneos/libswiftCore.dylib
2020-07-10 03:06:53 +0000  copying file ./Symbols/F64B4651-7747-334C-89AB-57BFFBB746A7.symbols ... 
2020-07-10 03:06:53 +0000  9926528 bytes for ./Symbols/F64B4651-7747-334C-89AB-57BFFBB746A7.symbols
copying file ./Symbols/7F8D38A1-8255-340B-B93A-763BFA23EBAE.symbols ... 
2020-07-10 03:06:54 +0000  12052840 bytes for ./Symbols/7F8D38A1-8255-340B-B93A-763BFA23EBAE.symbols
2020-07-10 03:06:54 +0000  /usr/bin/ditto exited with 0
2020-07-10 03:06:54 +0000  Processing step: IDEDistributionAppStoreInformationStep
2020-07-10 03:06:54 +0000  Skipping step: IDEDistributionAppStoreInformationStep because it said so
2020-07-10 03:06:54 +0000  Processing step: IDEDistributionGenerateProcessedDistributionItems
2020-07-10 03:06:54 +0000  Processing step: IDEDistributionCreateManifestStep
2020-07-10 03:06:54 +0000  Skipping step: IDEDistributionCreateManifestStep because it said so
